nohup: 忽略输入
srun: job 3510636 queued and waiting for resources
srun: job 3510636 has been allocated resources
srun: Job 3510636 scheduled successfully!
Current QUOTA_TYPE is [reserved], which means the job has occupied quota in RESERVED_TOTAL under your partition.
Current PHX_PRIORITY is normal

/mnt/petrelfs/lijiaxing1/anaconda3/envs/control/lib/python3.8/site-packages/torch/distributed/launch.py:178: FutureWarning: The module torch.distributed.launch is deprecated
and will be removed in future. Use torchrun.
Note that --use_env is set by default in torchrun.
If your script expects `--local_rank` argument to be set, please
change it to read from `os.environ['LOCAL_RANK']` instead. See 
https://pytorch.org/docs/stable/distributed.html#launch-utility for 
further instructions

  warnings.warn(
WARNING:torch.distributed.run:
*****************************************
Setting OMP_NUM_THREADS environment variable for each process to be 1 in default, to avoid your system being overloaded, please further tune the variable for optimal performance in your application as needed. 
*****************************************
Loading vision model config from cn_clip/clip/model_configs/ViT-L-14.json
Loading text model config from cn_clip/clip/model_configs/RoBERTa-wwm-ext-base-chinese.json
Loading vision model config from cn_clip/clip/model_configs/ViT-L-14.json
Loading text model config from cn_clip/clip/model_configs/RoBERTa-wwm-ext-base-chinese.json
Loading vision model config from cn_clip/clip/model_configs/ViT-L-14.json
Loading vision model config from cn_clip/clip/model_configs/ViT-L-14.jsonLoading text model config from
 cn_clip/clip/model_configs/RoBERTa-wwm-ext-base-chinese.json
Loading text model config from cn_clip/clip/model_configs/RoBERTa-wwm-ext-base-chinese.json
2024-05-26,23:18:42 | INFO | Rank 1 | train LMDB file contains 129380 images and 250314 pairs.
2024-05-26,23:18:42 | INFO | Rank 3 | train LMDB file contains 129380 images and 250314 pairs.
2024-05-26,23:18:42 | INFO | Rank 2 | train LMDB file contains 129380 images and 250314 pairs.
2024-05-26,23:18:42 | INFO | Rank 0 | train LMDB file contains 129380 images and 250314 pairs.
2024-05-26,23:18:42 | INFO | Rank 1 | val LMDB file contains 29806 images and 30588 pairs.
2024-05-26,23:18:42 | INFO | Rank 1 | Use GPU: 1 for training
2024-05-26,23:18:42 | INFO | Rank 3 | val LMDB file contains 29806 images and 30588 pairs.
2024-05-26,23:18:42 | INFO | Rank 3 | Use GPU: 3 for training
2024-05-26,23:18:42 | INFO | Rank 2 | val LMDB file contains 29806 images and 30588 pairs.
2024-05-26,23:18:42 | INFO | Rank 2 | Use GPU: 2 for training
2024-05-26,23:18:42 | INFO | Rank 1 | => begin to load checkpoint '/mnt/petrelfs/lijiaxing1/lijiaxing/Chinese-CLIP/data/pretrained_weights/clip_cn_vit-l-14.pt'
2024-05-26,23:18:42 | INFO | Rank 0 | val LMDB file contains 29806 images and 30588 pairs.
2024-05-26,23:18:42 | INFO | Rank 0 | Params:
2024-05-26,23:18:42 | INFO | Rank 3 | => begin to load checkpoint '/mnt/petrelfs/lijiaxing1/lijiaxing/Chinese-CLIP/data/pretrained_weights/clip_cn_vit-l-14.pt'
2024-05-26,23:18:42 | INFO | Rank 2 | => begin to load checkpoint '/mnt/petrelfs/lijiaxing1/lijiaxing/Chinese-CLIP/data/pretrained_weights/clip_cn_vit-l-14.pt'
2024-05-26,23:18:42 | INFO | Rank 0 |   accum_freq: 1
2024-05-26,23:18:42 | INFO | Rank 0 |   aggregate: True
2024-05-26,23:18:42 | INFO | Rank 0 |   batch_size: 128
2024-05-26,23:18:42 | INFO | Rank 0 |   bert_weight_path: None
2024-05-26,23:18:42 | INFO | Rank 0 |   beta1: 0.9
2024-05-26,23:18:42 | INFO | Rank 0 |   beta2: 0.98
2024-05-26,23:18:42 | INFO | Rank 0 |   checkpoint_path: /mnt/petrelfs/lijiaxing1/lijiaxing/Chinese-CLIP/data/experiments/li_finetune_vit-l-14_roberta-base_bs128_4gpu/checkpoints
2024-05-26,23:18:42 | INFO | Rank 0 |   clip_weight_path: None
2024-05-26,23:18:42 | INFO | Rank 0 |   context_length: 52
2024-05-26,23:18:42 | INFO | Rank 0 |   debug: False
2024-05-26,23:18:42 | INFO | Rank 0 |   device: cuda:0
2024-05-26,23:18:42 | INFO | Rank 0 |   distllation: False
2024-05-26,23:18:42 | INFO | Rank 0 |   eps: 1e-06
2024-05-26,23:18:42 | INFO | Rank 0 |   freeze_vision: False
2024-05-26,23:18:42 | INFO | Rank 0 |   gather_with_grad: False
2024-05-26,23:18:42 | INFO | Rank 0 |   grad_checkpointing: False
2024-05-26,23:18:42 | INFO | Rank 0 |   kd_loss_weight: 0.5
2024-05-26,23:18:42 | INFO | Rank 0 |   local_device_rank: 0
2024-05-26,23:18:42 | INFO | Rank 0 |   log_interval: 1
2024-05-26,23:18:42 | INFO | Rank 0 |   log_level: 20
2024-05-26,23:18:42 | INFO | Rank 0 |   log_path: /mnt/petrelfs/lijiaxing1/lijiaxing/Chinese-CLIP/data/experiments/li_finetune_vit-l-14_roberta-base_bs128_4gpu/out_2024-05-26-15-18-37.log
2024-05-26,23:18:42 | INFO | Rank 0 |   logs: /mnt/petrelfs/lijiaxing1/lijiaxing/Chinese-CLIP/data/experiments/
2024-05-26,23:18:42 | INFO | Rank 0 |   lr: 5e-05
2024-05-26,23:18:42 | INFO | Rank 0 |   mask_ratio: 0
2024-05-26,23:18:42 | INFO | Rank 0 |   max_epochs: 20
2024-05-26,23:18:42 | INFO | Rank 0 |   max_steps: 9780
2024-05-26,23:18:42 | INFO | Rank 0 |   name: li_finetune_vit-l-14_roberta-base_bs128_4gpu
2024-05-26,23:18:42 | INFO | Rank 0 |   num_workers: 4
2024-05-26,23:18:42 | INFO | Rank 0 |   precision: amp
2024-05-26,23:18:42 | INFO | Rank 0 |   rank: 0
2024-05-26,23:18:42 | INFO | Rank 0 |   report_training_batch_acc: True
2024-05-26,23:18:42 | INFO | Rank 0 |   reset_data_offset: True
2024-05-26,23:18:42 | INFO | Rank 0 |   reset_optimizer: True
2024-05-26,23:18:42 | INFO | Rank 0 |   resume: /mnt/petrelfs/lijiaxing1/lijiaxing/Chinese-CLIP/data/pretrained_weights/clip_cn_vit-l-14.pt
2024-05-26,23:18:42 | INFO | Rank 0 |   save_epoch_frequency: 1
2024-05-26,23:18:42 | INFO | Rank 0 |   save_step_frequency: 999999
2024-05-26,23:18:42 | INFO | Rank 0 |   seed: 123
2024-05-26,23:18:42 | INFO | Rank 0 |   skip_aggregate: False
2024-05-26,23:18:42 | INFO | Rank 0 |   skip_scheduler: False
2024-05-26,23:18:42 | INFO | Rank 0 |   teacher_model_name: None
2024-05-26,23:18:42 | INFO | Rank 0 |   text_model: RoBERTa-wwm-ext-base-chinese
2024-05-26,23:18:42 | INFO | Rank 0 |   train_data: /mnt/petrelfs/lijiaxing1/lijiaxing/Chinese-CLIP/data/datasets/Multimodal_Retrieval/lmdb/train
2024-05-26,23:18:42 | INFO | Rank 0 |   use_augment: True
2024-05-26,23:18:42 | INFO | Rank 0 |   use_bn_sync: False
2024-05-26,23:18:42 | INFO | Rank 0 |   use_flash_attention: False
2024-05-26,23:18:42 | INFO | Rank 0 |   val_data: /mnt/petrelfs/lijiaxing1/lijiaxing/Chinese-CLIP/data/datasets/Multimodal_Retrieval/lmdb/valid
2024-05-26,23:18:42 | INFO | Rank 0 |   valid_batch_size: 128
2024-05-26,23:18:42 | INFO | Rank 0 |   valid_epoch_interval: 1
2024-05-26,23:18:42 | INFO | Rank 0 |   valid_num_workers: 1
2024-05-26,23:18:42 | INFO | Rank 0 |   valid_step_interval: 150
2024-05-26,23:18:42 | INFO | Rank 0 |   vision_model: ViT-L-14
2024-05-26,23:18:42 | INFO | Rank 0 |   warmup: 100
2024-05-26,23:18:42 | INFO | Rank 0 |   wd: 0.001
2024-05-26,23:18:42 | INFO | Rank 0 |   world_size: 4
2024-05-26,23:18:42 | INFO | Rank 0 | Use GPU: 0 for training
2024-05-26,23:18:42 | INFO | Rank 0 | => begin to load checkpoint '/mnt/petrelfs/lijiaxing1/lijiaxing/Chinese-CLIP/data/pretrained_weights/clip_cn_vit-l-14.pt'
2024-05-26,23:18:45 | INFO | Rank 1 | => loaded checkpoint '/mnt/petrelfs/lijiaxing1/lijiaxing/Chinese-CLIP/data/pretrained_weights/clip_cn_vit-l-14.pt' (epoch 7 @ 0 steps)
2024-05-26,23:18:45 | INFO | Rank 1 | Start epoch 1
2024-05-26,23:18:45 | INFO | Rank 0 | => loaded checkpoint '/mnt/petrelfs/lijiaxing1/lijiaxing/Chinese-CLIP/data/pretrained_weights/clip_cn_vit-l-14.pt' (epoch 7 @ 0 steps)
2024-05-26,23:18:45 | INFO | Rank 3 | => loaded checkpoint '/mnt/petrelfs/lijiaxing1/lijiaxing/Chinese-CLIP/data/pretrained_weights/clip_cn_vit-l-14.pt' (epoch 7 @ 0 steps)
2024-05-26,23:18:45 | INFO | Rank 3 | Start epoch 1
2024-05-26,23:18:45 | INFO | Rank 2 | => loaded checkpoint '/mnt/petrelfs/lijiaxing1/lijiaxing/Chinese-CLIP/data/pretrained_weights/clip_cn_vit-l-14.pt' (epoch 7 @ 0 steps)
2024-05-26,23:18:45 | INFO | Rank 2 | Start epoch 1
2024-05-26,23:18:50 | INFO | Rank 0 | Global Steps: 1/9780 | Train Epoch: 1 [512/250368 (0%)] | Loss: 1.605368 | Image2Text Acc: 58.59 | Text2Image Acc: 62.70 | Data Time: 0.624s | Batch Time: 5.015s | LR: 0.000000 | logit_scale: 4.605 | Global Batch Size: 512
2024-05-26,23:18:50 | INFO | Rank 3 | Reducer buckets have been rebuilt in this iteration.
2024-05-26,23:18:50 | INFO | Rank 1 | Reducer buckets have been rebuilt in this iteration.
2024-05-26,23:18:50 | INFO | Rank 0 | Reducer buckets have been rebuilt in this iteration.
2024-05-26,23:18:50 | INFO | Rank 2 | Reducer buckets have been rebuilt in this iteration.
2024-05-26,23:18:52 | INFO | Rank 0 | Global Steps: 2/9780 | Train Epoch: 1 [1024/250368 (0%)] | Loss: 1.630300 | Image2Text Acc: 62.50 | Text2Image Acc: 64.06 | Data Time: 0.065s | Batch Time: 1.669s | LR: 0.000001 | logit_scale: 4.605 | Global Batch Size: 512
2024-05-26,23:18:53 | INFO | Rank 0 | Global Steps: 3/9780 | Train Epoch: 1 [1536/250368 (1%)] | Loss: 1.782121 | Image2Text Acc: 60.16 | Text2Image Acc: 59.77 | Data Time: 0.040s | Batch Time: 1.187s | LR: 0.000002 | logit_scale: 4.605 | Global Batch Size: 512
2024-05-26,23:18:54 | INFO | Rank 0 | Global Steps: 4/9780 | Train Epoch: 1 [2048/250368 (1%)] | Loss: 1.685454 | Image2Text Acc: 57.42 | Text2Image Acc: 62.50 | Data Time: 0.038s | Batch Time: 1.189s | LR: 0.000002 | logit_scale: 4.605 | Global Batch Size: 512
2024-05-26,23:18:55 | INFO | Rank 0 | Global Steps: 5/9780 | Train Epoch: 1 [2560/250368 (1%)] | Loss: 1.686134 | Image2Text Acc: 58.79 | Text2Image Acc: 62.11 | Data Time: 0.038s | Batch Time: 1.191s | LR: 0.000003 | logit_scale: 4.605 | Global Batch Size: 512
2024-05-26,23:18:56 | INFO | Rank 0 | Global Steps: 6/9780 | Train Epoch: 1 [3072/250368 (1%)] | Loss: 1.652045 | Image2Text Acc: 60.16 | Text2Image Acc: 60.16 | Data Time: 0.043s | Batch Time: 1.189s | LR: 0.000003 | logit_scale: 4.605 | Global Batch Size: 512
2024-05-26,23:18:58 | INFO | Rank 0 | Global Steps: 7/9780 | Train Epoch: 1 [3584/250368 (1%)] | Loss: 1.539364 | Image2Text Acc: 60.74 | Text2Image Acc: 63.28 | Data Time: 0.040s | Batch Time: 1.186s | LR: 0.000003 | logit_scale: 4.605 | Global Batch Size: 512
2024-05-26,23:18:59 | INFO | Rank 0 | Global Steps: 8/9780 | Train Epoch: 1 [4096/250368 (2%)] | Loss: 1.615110 | Image2Text Acc: 60.74 | Text2Image Acc: 61.33 | Data Time: 0.037s | Batch Time: 1.145s | LR: 0.000004 | logit_scale: 4.605 | Global Batch Size: 512
2024-05-26,23:19:00 | INFO | Rank 0 | Global Steps: 9/9780 | Train Epoch: 1 [4608/250368 (2%)] | Loss: 1.558712 | Image2Text Acc: 61.72 | Text2Image Acc: 63.87 | Data Time: 0.035s | Batch Time: 1.193s | LR: 0.000005 | logit_scale: 4.605 | Global Batch Size: 512
2024-05-26,23:19:01 | INFO | Rank 0 | Global Steps: 10/9780 | Train Epoch: 1 [5120/250368 (2%)] | Loss: 1.505216 | Image2Text Acc: 63.48 | Text2Image Acc: 64.45 | Data Time: 0.038s | Batch Time: 1.187s | LR: 0.000005 | logit_scale: 4.605 | Global Batch Size: 512
2024-05-26,23:19:02 | INFO | Rank 0 | Global Steps: 11/9780 | Train Epoch: 1 [5632/250368 (2%)] | Loss: 1.346138 | Image2Text Acc: 63.67 | Text2Image Acc: 66.21 | Data Time: 0.039s | Batch Time: 1.192s | LR: 0.000006 | logit_scale: 4.605 | Global Batch Size: 512
2024-05-26,23:19:04 | INFO | Rank 0 | Global Steps: 12/9780 | Train Epoch: 1 [6144/250368 (2%)] | Loss: 1.607485 | Image2Text Acc: 60.55 | Text2Image Acc: 61.91 | Data Time: 0.038s | Batch Time: 1.190s | LR: 0.000006 | logit_scale: 4.605 | Global Batch Size: 512
2024-05-26,23:19:05 | INFO | Rank 0 | Global Steps: 13/9780 | Train Epoch: 1 [6656/250368 (3%)] | Loss: 1.399967 | Image2Text Acc: 64.45 | Text2Image Acc: 66.02 | Data Time: 0.037s | Batch Time: 1.190s | LR: 0.000007 | logit_scale: 4.605 | Global Batch Size: 512
2024-05-26,23:19:06 | INFO | Rank 0 | Global Steps: 14/9780 | Train Epoch: 1 [7168/250368 (3%)] | Loss: 1.447322 | Image2Text Acc: 64.65 | Text2Image Acc: 63.28 | Data Time: 0.037s | Batch Time: 1.187s | LR: 0.000007 | logit_scale: 4.605 | Global Batch Size: 512
2024-05-26,23:19:07 | INFO | Rank 0 | Global Steps: 15/9780 | Train Epoch: 1 [7680/250368 (3%)] | Loss: 1.396195 | Image2Text Acc: 65.04 | Text2Image Acc: 66.21 | Data Time: 0.037s | Batch Time: 1.194s | LR: 0.000008 | logit_scale: 4.605 | Global Batch Size: 512
2024-05-26,23:19:08 | INFO | Rank 0 | Global Steps: 16/9780 | Train Epoch: 1 [8192/250368 (3%)] | Loss: 1.252545 | Image2Text Acc: 64.84 | Text2Image Acc: 66.60 | Data Time: 0.039s | Batch Time: 1.193s | LR: 0.000008 | logit_scale: 4.605 | Global Batch Size: 512
2024-05-26,23:19:10 | INFO | Rank 0 | Global Steps: 17/9780 | Train Epoch: 1 [8704/250368 (3%)] | Loss: 1.392556 | Image2Text Acc: 62.50 | Text2Image Acc: 63.87 | Data Time: 0.039s | Batch Time: 1.193s | LR: 0.000008 | logit_scale: 4.605 | Global Batch Size: 512
2024-05-26,23:19:11 | INFO | Rank 0 | Global Steps: 18/9780 | Train Epoch: 1 [9216/250368 (4%)] | Loss: 1.537036 | Image2Text Acc: 61.33 | Text2Image Acc: 62.89 | Data Time: 0.039s | Batch Time: 1.193s | LR: 0.000009 | logit_scale: 4.605 | Global Batch Size: 512
2024-05-26,23:19:12 | INFO | Rank 0 | Global Steps: 19/9780 | Train Epoch: 1 [9728/250368 (4%)] | Loss: 1.350187 | Image2Text Acc: 65.62 | Text2Image Acc: 66.60 | Data Time: 0.038s | Batch Time: 1.197s | LR: 0.000010 | logit_scale: 4.605 | Global Batch Size: 512
2024-05-26,23:19:13 | INFO | Rank 0 | Global Steps: 20/9780 | Train Epoch: 1 [10240/250368 (4%)] | Loss: 1.277380 | Image2Text Acc: 67.77 | Text2Image Acc: 67.58 | Data Time: 0.049s | Batch Time: 1.200s | LR: 0.000010 | logit_scale: 4.605 | Global Batch Size: 512
2024-05-26,23:19:14 | INFO | Rank 0 | Global Steps: 21/9780 | Train Epoch: 1 [10752/250368 (4%)] | Loss: 1.309845 | Image2Text Acc: 70.12 | Text2Image Acc: 65.62 | Data Time: 0.037s | Batch Time: 1.195s | LR: 0.000011 | logit_scale: 4.605 | Global Batch Size: 512
2024-05-26,23:19:15 | INFO | Rank 0 | Global Steps: 22/9780 | Train Epoch: 1 [11264/250368 (4%)] | Loss: 1.213270 | Image2Text Acc: 70.31 | Text2Image Acc: 68.75 | Data Time: 0.035s | Batch Time: 1.189s | LR: 0.000011 | logit_scale: 4.605 | Global Batch Size: 512
2024-05-26,23:19:17 | INFO | Rank 0 | Global Steps: 23/9780 | Train Epoch: 1 [11776/250368 (5%)] | Loss: 1.344577 | Image2Text Acc: 63.28 | Text2Image Acc: 61.72 | Data Time: 0.035s | Batch Time: 1.191s | LR: 0.000012 | logit_scale: 4.605 | Global Batch Size: 512
2024-05-26,23:19:18 | INFO | Rank 0 | Global Steps: 24/9780 | Train Epoch: 1 [12288/250368 (5%)] | Loss: 1.302734 | Image2Text Acc: 67.19 | Text2Image Acc: 67.97 | Data Time: 0.036s | Batch Time: 1.193s | LR: 0.000012 | logit_scale: 4.605 | Global Batch Size: 512
2024-05-26,23:19:19 | INFO | Rank 0 | Global Steps: 25/9780 | Train Epoch: 1 [12800/250368 (5%)] | Loss: 1.273303 | Image2Text Acc: 65.62 | Text2Image Acc: 66.21 | Data Time: 0.038s | Batch Time: 1.193s | LR: 0.000013 | logit_scale: 4.605 | Global Batch Size: 512
2024-05-26,23:19:20 | INFO | Rank 0 | Global Steps: 26/9780 | Train Epoch: 1 [13312/250368 (5%)] | Loss: 1.326566 | Image2Text Acc: 64.06 | Text2Image Acc: 67.38 | Data Time: 0.039s | Batch Time: 1.195s | LR: 0.000013 | logit_scale: 4.605 | Global Batch Size: 512
2024-05-26,23:19:21 | INFO | Rank 0 | Global Steps: 27/9780 | Train Epoch: 1 [13824/250368 (6%)] | Loss: 1.282228 | Image2Text Acc: 68.55 | Text2Image Acc: 68.36 | Data Time: 0.038s | Batch Time: 1.191s | LR: 0.000014 | logit_scale: 4.605 | Global Batch Size: 512
2024-05-26,23:19:23 | INFO | Rank 0 | Global Steps: 28/9780 | Train Epoch: 1 [14336/250368 (6%)] | Loss: 1.311499 | Image2Text Acc: 64.06 | Text2Image Acc: 64.84 | Data Time: 0.037s | Batch Time: 1.190s | LR: 0.000014 | logit_scale: 4.605 | Global Batch Size: 512
2024-05-26,23:19:24 | INFO | Rank 0 | Global Steps: 29/9780 | Train Epoch: 1 [14848/250368 (6%)] | Loss: 1.184498 | Image2Text Acc: 71.29 | Text2Image Acc: 68.75 | Data Time: 0.043s | Batch Time: 1.197s | LR: 0.000015 | logit_scale: 4.605 | Global Batch Size: 512
2024-05-26,23:19:25 | INFO | Rank 0 | Global Steps: 30/9780 | Train Epoch: 1 [15360/250368 (6%)] | Loss: 1.168953 | Image2Text Acc: 68.16 | Text2Image Acc: 70.12 | Data Time: 0.037s | Batch Time: 1.191s | LR: 0.000015 | logit_scale: 4.605 | Global Batch Size: 512
2024-05-26,23:19:26 | INFO | Rank 0 | Global Steps: 31/9780 | Train Epoch: 1 [15872/250368 (6%)] | Loss: 1.230542 | Image2Text Acc: 67.19 | Text2Image Acc: 66.99 | Data Time: 0.036s | Batch Time: 1.192s | LR: 0.000016 | logit_scale: 4.605 | Global Batch Size: 512
2024-05-26,23:19:27 | INFO | Rank 0 | Global Steps: 32/9780 | Train Epoch: 1 [16384/250368 (7%)] | Loss: 1.335329 | Image2Text Acc: 63.28 | Text2Image Acc: 63.09 | Data Time: 0.035s | Batch Time: 1.195s | LR: 0.000016 | logit_scale: 4.605 | Global Batch Size: 512
2024-05-26,23:19:29 | INFO | Rank 0 | Global Steps: 33/9780 | Train Epoch: 1 [16896/250368 (7%)] | Loss: 1.222735 | Image2Text Acc: 70.31 | Text2Image Acc: 67.58 | Data Time: 0.036s | Batch Time: 1.196s | LR: 0.000017 | logit_scale: 4.605 | Global Batch Size: 512
2024-05-26,23:19:30 | INFO | Rank 0 | Global Steps: 34/9780 | Train Epoch: 1 [17408/250368 (7%)] | Loss: 1.196422 | Image2Text Acc: 67.38 | Text2Image Acc: 66.99 | Data Time: 0.035s | Batch Time: 1.193s | LR: 0.000017 | logit_scale: 4.605 | Global Batch Size: 512
2024-05-26,23:19:31 | INFO | Rank 0 | Global Steps: 35/9780 | Train Epoch: 1 [17920/250368 (7%)] | Loss: 1.248740 | Image2Text Acc: 66.41 | Text2Image Acc: 65.82 | Data Time: 0.038s | Batch Time: 1.197s | LR: 0.000018 | logit_scale: 4.605 | Global Batch Size: 512
2024-05-26,23:19:32 | INFO | Rank 0 | Global Steps: 36/9780 | Train Epoch: 1 [18432/250368 (7%)] | Loss: 1.302688 | Image2Text Acc: 67.19 | Text2Image Acc: 67.38 | Data Time: 0.038s | Batch Time: 1.189s | LR: 0.000018 | logit_scale: 4.605 | Global Batch Size: 512
2024-05-26,23:19:33 | INFO | Rank 0 | Global Steps: 37/9780 | Train Epoch: 1 [18944/250368 (8%)] | Loss: 1.190711 | Image2Text Acc: 67.58 | Text2Image Acc: 68.95 | Data Time: 0.038s | Batch Time: 1.201s | LR: 0.000019 | logit_scale: 4.605 | Global Batch Size: 512
2024-05-26,23:19:35 | INFO | Rank 0 | Global Steps: 38/9780 | Train Epoch: 1 [19456/250368 (8%)] | Loss: 1.192577 | Image2Text Acc: 68.75 | Text2Image Acc: 68.16 | Data Time: 0.039s | Batch Time: 1.190s | LR: 0.000019 | logit_scale: 4.605 | Global Batch Size: 512
2024-05-26,23:19:36 | INFO | Rank 0 | Global Steps: 39/9780 | Train Epoch: 1 [19968/250368 (8%)] | Loss: 1.183572 | Image2Text Acc: 69.92 | Text2Image Acc: 66.41 | Data Time: 0.037s | Batch Time: 1.194s | LR: 0.000019 | logit_scale: 4.605 | Global Batch Size: 512
2024-05-26,23:19:37 | INFO | Rank 0 | Global Steps: 40/9780 | Train Epoch: 1 [20480/250368 (8%)] | Loss: 1.104300 | Image2Text Acc: 69.34 | Text2Image Acc: 69.73 | Data Time: 0.036s | Batch Time: 1.196s | LR: 0.000020 | logit_scale: 4.605 | Global Batch Size: 512
2024-05-26,23:19:38 | INFO | Rank 0 | Global Steps: 41/9780 | Train Epoch: 1 [20992/250368 (8%)] | Loss: 1.269123 | Image2Text Acc: 65.04 | Text2Image Acc: 68.95 | Data Time: 0.035s | Batch Time: 1.193s | LR: 0.000021 | logit_scale: 4.605 | Global Batch Size: 512
2024-05-26,23:19:39 | INFO | Rank 0 | Global Steps: 42/9780 | Train Epoch: 1 [21504/250368 (9%)] | Loss: 1.089184 | Image2Text Acc: 69.73 | Text2Image Acc: 71.09 | Data Time: 0.036s | Batch Time: 1.195s | LR: 0.000021 | logit_scale: 4.605 | Global Batch Size: 512
2024-05-26,23:19:41 | INFO | Rank 0 | Global Steps: 43/9780 | Train Epoch: 1 [22016/250368 (9%)] | Loss: 1.174607 | Image2Text Acc: 66.99 | Text2Image Acc: 67.58 | Data Time: 0.038s | Batch Time: 1.200s | LR: 0.000022 | logit_scale: 4.605 | Global Batch Size: 512
2024-05-26,23:19:42 | INFO | Rank 0 | Global Steps: 44/9780 | Train Epoch: 1 [22528/250368 (9%)] | Loss: 1.281276 | Image2Text Acc: 65.43 | Text2Image Acc: 67.38 | Data Time: 0.045s | Batch Time: 1.208s | LR: 0.000022 | logit_scale: 4.605 | Global Batch Size: 512
2024-05-26,23:19:43 | INFO | Rank 0 | Global Steps: 45/9780 | Train Epoch: 1 [23040/250368 (9%)] | Loss: 1.192057 | Image2Text Acc: 70.12 | Text2Image Acc: 68.95 | Data Time: 0.041s | Batch Time: 1.199s | LR: 0.000023 | logit_scale: 4.605 | Global Batch Size: 512
2024-05-26,23:19:44 | INFO | Rank 0 | Global Steps: 46/9780 | Train Epoch: 1 [23552/250368 (9%)] | Loss: 1.288623 | Image2Text Acc: 65.23 | Text2Image Acc: 67.38 | Data Time: 0.042s | Batch Time: 1.197s | LR: 0.000023 | logit_scale: 4.605 | Global Batch Size: 512
2024-05-26,23:19:45 | INFO | Rank 0 | Global Steps: 47/9780 | Train Epoch: 1 [24064/250368 (10%)] | Loss: 1.314650 | Image2Text Acc: 63.09 | Text2Image Acc: 66.60 | Data Time: 0.046s | Batch Time: 1.205s | LR: 0.000024 | logit_scale: 4.605 | Global Batch Size: 512
2024-05-26,23:19:47 | INFO | Rank 0 | Global Steps: 48/9780 | Train Epoch: 1 [24576/250368 (10%)] | Loss: 1.334955 | Image2Text Acc: 66.02 | Text2Image Acc: 65.82 | Data Time: 0.042s | Batch Time: 1.202s | LR: 0.000024 | logit_scale: 4.605 | Global Batch Size: 512
2024-05-26,23:19:48 | INFO | Rank 0 | Global Steps: 49/9780 | Train Epoch: 1 [25088/250368 (10%)] | Loss: 1.268232 | Image2Text Acc: 67.58 | Text2Image Acc: 66.41 | Data Time: 0.042s | Batch Time: 1.209s | LR: 0.000024 | logit_scale: 4.605 | Global Batch Size: 512
2024-05-26,23:19:49 | INFO | Rank 0 | Global Steps: 50/9780 | Train Epoch: 1 [25600/250368 (10%)] | Loss: 1.164216 | Image2Text Acc: 67.77 | Text2Image Acc: 66.41 | Data Time: 0.043s | Batch Time: 1.204s | LR: 0.000025 | logit_scale: 4.605 | Global Batch Size: 512
2024-05-26,23:19:50 | INFO | Rank 0 | Global Steps: 51/9780 | Train Epoch: 1 [26112/250368 (10%)] | Loss: 1.195211 | Image2Text Acc: 70.31 | Text2Image Acc: 69.92 | Data Time: 0.042s | Batch Time: 1.203s | LR: 0.000026 | logit_scale: 4.605 | Global Batch Size: 512
2024-05-26,23:19:51 | INFO | Rank 0 | Global Steps: 52/9780 | Train Epoch: 1 [26624/250368 (11%)] | Loss: 1.274515 | Image2Text Acc: 66.21 | Text2Image Acc: 64.45 | Data Time: 0.042s | Batch Time: 1.202s | LR: 0.000026 | logit_scale: 4.605 | Global Batch Size: 512
2024-05-26,23:19:53 | INFO | Rank 0 | Global Steps: 53/9780 | Train Epoch: 1 [27136/250368 (11%)] | Loss: 1.089190 | Image2Text Acc: 70.90 | Text2Image Acc: 71.68 | Data Time: 0.042s | Batch Time: 1.204s | LR: 0.000027 | logit_scale: 4.605 | Global Batch Size: 512
2024-05-26,23:19:54 | INFO | Rank 0 | Global Steps: 54/9780 | Train Epoch: 1 [27648/250368 (11%)] | Loss: 1.164034 | Image2Text Acc: 67.19 | Text2Image Acc: 68.95 | Data Time: 0.041s | Batch Time: 1.200s | LR: 0.000027 | logit_scale: 4.605 | Global Batch Size: 512
2024-05-26,23:19:55 | INFO | Rank 0 | Global Steps: 55/9780 | Train Epoch: 1 [28160/250368 (11%)] | Loss: 1.332464 | Image2Text Acc: 66.02 | Text2Image Acc: 64.84 | Data Time: 0.041s | Batch Time: 1.197s | LR: 0.000028 | logit_scale: 4.605 | Global Batch Size: 512
2024-05-26,23:19:56 | INFO | Rank 0 | Global Steps: 56/9780 | Train Epoch: 1 [28672/250368 (11%)] | Loss: 1.266658 | Image2Text Acc: 64.65 | Text2Image Acc: 64.84 | Data Time: 0.044s | Batch Time: 1.203s | LR: 0.000028 | logit_scale: 4.605 | Global Batch Size: 512
2024-05-26,23:19:57 | INFO | Rank 0 | Global Steps: 57/9780 | Train Epoch: 1 [29184/250368 (12%)] | Loss: 1.246362 | Image2Text Acc: 67.77 | Text2Image Acc: 66.99 | Data Time: 0.041s | Batch Time: 1.203s | LR: 0.000029 | logit_scale: 4.605 | Global Batch Size: 512
2024-05-26,23:19:59 | INFO | Rank 0 | Global Steps: 58/9780 | Train Epoch: 1 [29696/250368 (12%)] | Loss: 1.318325 | Image2Text Acc: 65.23 | Text2Image Acc: 65.23 | Data Time: 0.040s | Batch Time: 1.205s | LR: 0.000029 | logit_scale: 4.605 | Global Batch Size: 512
2024-05-26,23:20:00 | INFO | Rank 0 | Global Steps: 59/9780 | Train Epoch: 1 [30208/250368 (12%)] | Loss: 1.357109 | Image2Text Acc: 63.87 | Text2Image Acc: 64.45 | Data Time: 0.042s | Batch Time: 1.203s | LR: 0.000029 | logit_scale: 4.605 | Global Batch Size: 512
2024-05-26,23:20:01 | INFO | Rank 0 | Global Steps: 60/9780 | Train Epoch: 1 [30720/250368 (12%)] | Loss: 1.210782 | Image2Text Acc: 65.43 | Text2Image Acc: 69.92 | Data Time: 0.045s | Batch Time: 1.199s | LR: 0.000030 | logit_scale: 4.605 | Global Batch Size: 512
2024-05-26,23:20:02 | INFO | Rank 0 | Global Steps: 61/9780 | Train Epoch: 1 [31232/250368 (12%)] | Loss: 1.358782 | Image2Text Acc: 63.87 | Text2Image Acc: 66.21 | Data Time: 0.041s | Batch Time: 1.200s | LR: 0.000031 | logit_scale: 4.605 | Global Batch Size: 512
2024-05-26,23:20:03 | INFO | Rank 0 | Global Steps: 62/9780 | Train Epoch: 1 [31744/250368 (13%)] | Loss: 1.324689 | Image2Text Acc: 61.91 | Text2Image Acc: 63.87 | Data Time: 0.041s | Batch Time: 1.200s | LR: 0.000031 | logit_scale: 4.605 | Global Batch Size: 512
2024-05-26,23:20:05 | INFO | Rank 0 | Global Steps: 63/9780 | Train Epoch: 1 [32256/250368 (13%)] | Loss: 1.232113 | Image2Text Acc: 67.58 | Text2Image Acc: 66.60 | Data Time: 0.039s | Batch Time: 1.201s | LR: 0.000031 | logit_scale: 4.605 | Global Batch Size: 512
2024-05-26,23:20:06 | INFO | Rank 0 | Global Steps: 64/9780 | Train Epoch: 1 [32768/250368 (13%)] | Loss: 1.272623 | Image2Text Acc: 66.21 | Text2Image Acc: 67.38 | Data Time: 0.041s | Batch Time: 1.198s | LR: 0.000032 | logit_scale: 4.605 | Global Batch Size: 512
2024-05-26,23:20:07 | INFO | Rank 0 | Global Steps: 65/9780 | Train Epoch: 1 [33280/250368 (13%)] | Loss: 1.346071 | Image2Text Acc: 64.45 | Text2Image Acc: 65.62 | Data Time: 0.041s | Batch Time: 1.207s | LR: 0.000033 | logit_scale: 4.605 | Global Batch Size: 512
2024-05-26,23:20:08 | INFO | Rank 0 | Global Steps: 66/9780 | Train Epoch: 1 [33792/250368 (13%)] | Loss: 1.206147 | Image2Text Acc: 69.53 | Text2Image Acc: 67.58 | Data Time: 0.040s | Batch Time: 1.200s | LR: 0.000033 | logit_scale: 4.605 | Global Batch Size: 512
2024-05-26,23:20:09 | INFO | Rank 0 | Global Steps: 67/9780 | Train Epoch: 1 [34304/250368 (14%)] | Loss: 1.136684 | Image2Text Acc: 68.55 | Text2Image Acc: 70.12 | Data Time: 0.039s | Batch Time: 1.225s | LR: 0.000034 | logit_scale: 4.605 | Global Batch Size: 512
2024-05-26,23:20:11 | INFO | Rank 0 | Global Steps: 68/9780 | Train Epoch: 1 [34816/250368 (14%)] | Loss: 1.250840 | Image2Text Acc: 66.99 | Text2Image Acc: 66.99 | Data Time: 0.039s | Batch Time: 1.197s | LR: 0.000034 | logit_scale: 4.605 | Global Batch Size: 512
2024-05-26,23:20:12 | INFO | Rank 0 | Global Steps: 69/9780 | Train Epoch: 1 [35328/250368 (14%)] | Loss: 1.298212 | Image2Text Acc: 66.60 | Text2Image Acc: 66.41 | Data Time: 0.043s | Batch Time: 1.207s | LR: 0.000035 | logit_scale: 4.605 | Global Batch Size: 512
2024-05-26,23:20:13 | INFO | Rank 0 | Global Steps: 70/9780 | Train Epoch: 1 [35840/250368 (14%)] | Loss: 1.158873 | Image2Text Acc: 68.36 | Text2Image Acc: 67.58 | Data Time: 0.041s | Batch Time: 1.200s | LR: 0.000035 | logit_scale: 4.605 | Global Batch Size: 512
2024-05-26,23:20:14 | INFO | Rank 0 | Global Steps: 71/9780 | Train Epoch: 1 [36352/250368 (15%)] | Loss: 1.171005 | Image2Text Acc: 69.14 | Text2Image Acc: 68.75 | Data Time: 0.038s | Batch Time: 1.201s | LR: 0.000036 | logit_scale: 4.605 | Global Batch Size: 512
2024-05-26,23:20:15 | INFO | Rank 0 | Global Steps: 72/9780 | Train Epoch: 1 [36864/250368 (15%)] | Loss: 1.219489 | Image2Text Acc: 67.38 | Text2Image Acc: 66.80 | Data Time: 0.037s | Batch Time: 1.199s | LR: 0.000036 | logit_scale: 4.605 | Global Batch Size: 512
2024-05-26,23:20:17 | INFO | Rank 0 | Global Steps: 73/9780 | Train Epoch: 1 [37376/250368 (15%)] | Loss: 1.366273 | Image2Text Acc: 64.26 | Text2Image Acc: 64.26 | Data Time: 0.041s | Batch Time: 1.196s | LR: 0.000036 | logit_scale: 4.605 | Global Batch Size: 512
2024-05-26,23:20:18 | INFO | Rank 0 | Global Steps: 74/9780 | Train Epoch: 1 [37888/250368 (15%)] | Loss: 1.229283 | Image2Text Acc: 66.02 | Text2Image Acc: 66.99 | Data Time: 0.042s | Batch Time: 1.203s | LR: 0.000037 | logit_scale: 4.605 | Global Batch Size: 512
2024-05-26,23:20:19 | INFO | Rank 0 | Global Steps: 75/9780 | Train Epoch: 1 [38400/250368 (15%)] | Loss: 1.224617 | Image2Text Acc: 67.19 | Text2Image Acc: 67.19 | Data Time: 0.039s | Batch Time: 1.197s | LR: 0.000038 | logit_scale: 4.605 | Global Batch Size: 512
2024-05-26,23:20:20 | INFO | Rank 0 | Global Steps: 76/9780 | Train Epoch: 1 [38912/250368 (16%)] | Loss: 1.240099 | Image2Text Acc: 66.60 | Text2Image Acc: 68.16 | Data Time: 0.035s | Batch Time: 1.197s | LR: 0.000038 | logit_scale: 4.605 | Global Batch Size: 512
2024-05-26,23:20:21 | INFO | Rank 0 | Global Steps: 77/9780 | Train Epoch: 1 [39424/250368 (16%)] | Loss: 1.311874 | Image2Text Acc: 65.23 | Text2Image Acc: 66.41 | Data Time: 0.038s | Batch Time: 1.201s | LR: 0.000039 | logit_scale: 4.605 | Global Batch Size: 512
2024-05-26,23:20:23 | INFO | Rank 0 | Global Steps: 78/9780 | Train Epoch: 1 [39936/250368 (16%)] | Loss: 1.268305 | Image2Text Acc: 66.80 | Text2Image Acc: 68.95 | Data Time: 0.041s | Batch Time: 1.198s | LR: 0.000039 | logit_scale: 4.605 | Global Batch Size: 512
2024-05-26,23:20:24 | INFO | Rank 0 | Global Steps: 79/9780 | Train Epoch: 1 [40448/250368 (16%)] | Loss: 1.167273 | Image2Text Acc: 69.14 | Text2Image Acc: 70.70 | Data Time: 0.040s | Batch Time: 1.198s | LR: 0.000040 | logit_scale: 4.605 | Global Batch Size: 512
2024-05-26,23:20:25 | INFO | Rank 0 | Global Steps: 80/9780 | Train Epoch: 1 [40960/250368 (16%)] | Loss: 1.108814 | Image2Text Acc: 68.55 | Text2Image Acc: 70.70 | Data Time: 0.037s | Batch Time: 1.195s | LR: 0.000040 | logit_scale: 4.605 | Global Batch Size: 512
2024-05-26,23:20:26 | INFO | Rank 0 | Global Steps: 81/9780 | Train Epoch: 1 [41472/250368 (17%)] | Loss: 1.143316 | Image2Text Acc: 67.97 | Text2Image Acc: 69.14 | Data Time: 0.036s | Batch Time: 1.199s | LR: 0.000040 | logit_scale: 4.605 | Global Batch Size: 512
2024-05-26,23:20:27 | INFO | Rank 0 | Global Steps: 82/9780 | Train Epoch: 1 [41984/250368 (17%)] | Loss: 1.333370 | Image2Text Acc: 65.62 | Text2Image Acc: 65.04 | Data Time: 0.038s | Batch Time: 1.197s | LR: 0.000041 | logit_scale: 4.605 | Global Batch Size: 512
2024-05-26,23:20:29 | INFO | Rank 0 | Global Steps: 83/9780 | Train Epoch: 1 [42496/250368 (17%)] | Loss: 1.267624 | Image2Text Acc: 65.43 | Text2Image Acc: 67.97 | Data Time: 0.040s | Batch Time: 1.200s | LR: 0.000041 | logit_scale: 4.605 | Global Batch Size: 512
2024-05-26,23:20:30 | INFO | Rank 0 | Global Steps: 84/9780 | Train Epoch: 1 [43008/250368 (17%)] | Loss: 1.240151 | Image2Text Acc: 68.36 | Text2Image Acc: 69.92 | Data Time: 0.039s | Batch Time: 1.202s | LR: 0.000042 | logit_scale: 4.605 | Global Batch Size: 512
2024-05-26,23:20:31 | INFO | Rank 0 | Global Steps: 85/9780 | Train Epoch: 1 [43520/250368 (17%)] | Loss: 1.116604 | Image2Text Acc: 71.68 | Text2Image Acc: 70.31 | Data Time: 0.036s | Batch Time: 1.201s | LR: 0.000043 | logit_scale: 4.605 | Global Batch Size: 512
2024-05-26,23:20:32 | INFO | Rank 0 | Global Steps: 86/9780 | Train Epoch: 1 [44032/250368 (18%)] | Loss: 1.121462 | Image2Text Acc: 70.31 | Text2Image Acc: 70.70 | Data Time: 0.037s | Batch Time: 1.202s | LR: 0.000043 | logit_scale: 4.605 | Global Batch Size: 512
2024-05-26,23:20:33 | INFO | Rank 0 | Global Steps: 87/9780 | Train Epoch: 1 [44544/250368 (18%)] | Loss: 1.269702 | Image2Text Acc: 65.82 | Text2Image Acc: 67.19 | Data Time: 0.039s | Batch Time: 1.199s | LR: 0.000044 | logit_scale: 4.605 | Global Batch Size: 512
2024-05-26,23:20:35 | INFO | Rank 0 | Global Steps: 88/9780 | Train Epoch: 1 [45056/250368 (18%)] | Loss: 1.273057 | Image2Text Acc: 64.84 | Text2Image Acc: 66.21 | Data Time: 0.039s | Batch Time: 1.202s | LR: 0.000044 | logit_scale: 4.605 | Global Batch Size: 512
2024-05-26,23:20:36 | INFO | Rank 0 | Global Steps: 89/9780 | Train Epoch: 1 [45568/250368 (18%)] | Loss: 1.288453 | Image2Text Acc: 64.26 | Text2Image Acc: 65.62 | Data Time: 0.038s | Batch Time: 1.201s | LR: 0.000044 | logit_scale: 4.605 | Global Batch Size: 512
2024-05-26,23:20:37 | INFO | Rank 0 | Global Steps: 90/9780 | Train Epoch: 1 [46080/250368 (18%)] | Loss: 1.243100 | Image2Text Acc: 68.55 | Text2Image Acc: 67.58 | Data Time: 0.035s | Batch Time: 1.196s | LR: 0.000045 | logit_scale: 4.605 | Global Batch Size: 512
2024-05-26,23:20:38 | INFO | Rank 0 | Global Steps: 91/9780 | Train Epoch: 1 [46592/250368 (19%)] | Loss: 1.259759 | Image2Text Acc: 67.19 | Text2Image Acc: 66.99 | Data Time: 0.036s | Batch Time: 1.200s | LR: 0.000046 | logit_scale: 4.605 | Global Batch Size: 512
2024-05-26,23:20:39 | INFO | Rank 0 | Global Steps: 92/9780 | Train Epoch: 1 [47104/250368 (19%)] | Loss: 1.261576 | Image2Text Acc: 66.99 | Text2Image Acc: 67.58 | Data Time: 0.047s | Batch Time: 1.203s | LR: 0.000046 | logit_scale: 4.605 | Global Batch Size: 512
2024-05-26,23:20:41 | INFO | Rank 0 | Global Steps: 93/9780 | Train Epoch: 1 [47616/250368 (19%)] | Loss: 1.172547 | Image2Text Acc: 67.97 | Text2Image Acc: 67.19 | Data Time: 0.038s | Batch Time: 1.199s | LR: 0.000047 | logit_scale: 4.605 | Global Batch Size: 512
2024-05-26,23:20:42 | INFO | Rank 0 | Global Steps: 94/9780 | Train Epoch: 1 [48128/250368 (19%)] | Loss: 1.239670 | Image2Text Acc: 65.43 | Text2Image Acc: 66.41 | Data Time: 0.036s | Batch Time: 1.202s | LR: 0.000047 | logit_scale: 4.605 | Global Batch Size: 512
2024-05-26,23:20:43 | INFO | Rank 0 | Global Steps: 95/9780 | Train Epoch: 1 [48640/250368 (19%)] | Loss: 1.225185 | Image2Text Acc: 65.82 | Text2Image Acc: 64.65 | Data Time: 0.035s | Batch Time: 1.196s | LR: 0.000047 | logit_scale: 4.605 | Global Batch Size: 512
2024-05-26,23:20:44 | INFO | Rank 0 | Global Steps: 96/9780 | Train Epoch: 1 [49152/250368 (20%)] | Loss: 1.519216 | Image2Text Acc: 61.33 | Text2Image Acc: 61.72 | Data Time: 0.037s | Batch Time: 1.200s | LR: 0.000048 | logit_scale: 4.605 | Global Batch Size: 512
2024-05-26,23:20:45 | INFO | Rank 0 | Global Steps: 97/9780 | Train Epoch: 1 [49664/250368 (20%)] | Loss: 1.275844 | Image2Text Acc: 67.19 | Text2Image Acc: 64.06 | Data Time: 0.038s | Batch Time: 1.202s | LR: 0.000048 | logit_scale: 4.605 | Global Batch Size: 512
2024-05-26,23:20:47 | INFO | Rank 0 | Global Steps: 98/9780 | Train Epoch: 1 [50176/250368 (20%)] | Loss: 1.184139 | Image2Text Acc: 65.62 | Text2Image Acc: 67.77 | Data Time: 0.037s | Batch Time: 1.199s | LR: 0.000049 | logit_scale: 4.605 | Global Batch Size: 512
2024-05-26,23:20:48 | INFO | Rank 0 | Global Steps: 99/9780 | Train Epoch: 1 [50688/250368 (20%)] | Loss: 1.255146 | Image2Text Acc: 65.82 | Text2Image Acc: 66.21 | Data Time: 0.035s | Batch Time: 1.198s | LR: 0.000050 | logit_scale: 4.605 | Global Batch Size: 512
2024-05-26,23:20:49 | INFO | Rank 0 | Global Steps: 100/9780 | Train Epoch: 1 [51200/250368 (20%)] | Loss: 1.267768 | Image2Text Acc: 65.23 | Text2Image Acc: 66.02 | Data Time: 0.036s | Batch Time: 1.199s | LR: 0.000050 | logit_scale: 4.605 | Global Batch Size: 512
2024-05-26,23:20:50 | INFO | Rank 0 | Global Steps: 101/9780 | Train Epoch: 1 [51712/250368 (21%)] | Loss: 1.250016 | Image2Text Acc: 66.02 | Text2Image Acc: 67.58 | Data Time: 0.038s | Batch Time: 1.200s | LR: 0.000050 | logit_scale: 4.605 | Global Batch Size: 512
2024-05-26,23:20:51 | INFO | Rank 0 | Global Steps: 102/9780 | Train Epoch: 1 [52224/250368 (21%)] | Loss: 1.191714 | Image2Text Acc: 66.21 | Text2Image Acc: 67.77 | Data Time: 0.036s | Batch Time: 1.201s | LR: 0.000050 | logit_scale: 4.605 | Global Batch Size: 512
2024-05-26,23:20:53 | INFO | Rank 0 | Global Steps: 103/9780 | Train Epoch: 1 [52736/250368 (21%)] | Loss: 1.288561 | Image2Text Acc: 64.65 | Text2Image Acc: 69.14 | Data Time: 0.035s | Batch Time: 1.205s | LR: 0.000050 | logit_scale: 4.605 | Global Batch Size: 512
2024-05-26,23:20:54 | INFO | Rank 0 | Global Steps: 104/9780 | Train Epoch: 1 [53248/250368 (21%)] | Loss: 1.451854 | Image2Text Acc: 63.28 | Text2Image Acc: 65.04 | Data Time: 0.034s | Batch Time: 1.209s | LR: 0.000050 | logit_scale: 4.605 | Global Batch Size: 512
2024-05-26,23:20:55 | INFO | Rank 0 | Global Steps: 105/9780 | Train Epoch: 1 [53760/250368 (21%)] | Loss: 1.304326 | Image2Text Acc: 67.58 | Text2Image Acc: 67.97 | Data Time: 0.036s | Batch Time: 1.206s | LR: 0.000050 | logit_scale: 4.605 | Global Batch Size: 512
2024-05-26,23:20:56 | INFO | Rank 0 | Global Steps: 106/9780 | Train Epoch: 1 [54272/250368 (22%)] | Loss: 1.206631 | Image2Text Acc: 67.97 | Text2Image Acc: 69.14 | Data Time: 0.036s | Batch Time: 1.204s | LR: 0.000050 | logit_scale: 4.605 | Global Batch Size: 512
2024-05-26,23:20:57 | INFO | Rank 0 | Global Steps: 107/9780 | Train Epoch: 1 [54784/250368 (22%)] | Loss: 1.405914 | Image2Text Acc: 61.72 | Text2Image Acc: 62.11 | Data Time: 0.037s | Batch Time: 1.210s | LR: 0.000050 | logit_scale: 4.605 | Global Batch Size: 512
2024-05-26,23:20:59 | INFO | Rank 0 | Global Steps: 108/9780 | Train Epoch: 1 [55296/250368 (22%)] | Loss: 1.347741 | Image2Text Acc: 61.13 | Text2Image Acc: 65.62 | Data Time: 0.037s | Batch Time: 1.202s | LR: 0.000050 | logit_scale: 4.605 | Global Batch Size: 512
2024-05-26,23:21:00 | INFO | Rank 0 | Global Steps: 109/9780 | Train Epoch: 1 [55808/250368 (22%)] | Loss: 1.280443 | Image2Text Acc: 65.43 | Text2Image Acc: 64.45 | Data Time: 0.034s | Batch Time: 1.201s | LR: 0.000050 | logit_scale: 4.605 | Global Batch Size: 512
2024-05-26,23:21:01 | INFO | Rank 0 | Global Steps: 110/9780 | Train Epoch: 1 [56320/250368 (22%)] | Loss: 1.214809 | Image2Text Acc: 66.60 | Text2Image Acc: 67.77 | Data Time: 0.038s | Batch Time: 1.206s | LR: 0.000050 | logit_scale: 4.605 | Global Batch Size: 512
2024-05-26,23:21:02 | INFO | Rank 0 | Global Steps: 111/9780 | Train Epoch: 1 [56832/250368 (23%)] | Loss: 1.177641 | Image2Text Acc: 69.14 | Text2Image Acc: 68.16 | Data Time: 0.046s | Batch Time: 1.206s | LR: 0.000050 | logit_scale: 4.605 | Global Batch Size: 512
2024-05-26,23:21:03 | INFO | Rank 0 | Global Steps: 112/9780 | Train Epoch: 1 [57344/250368 (23%)] | Loss: 1.196693 | Image2Text Acc: 68.95 | Text2Image Acc: 68.55 | Data Time: 0.046s | Batch Time: 1.207s | LR: 0.000050 | logit_scale: 4.605 | Global Batch Size: 512
2024-05-26,23:21:05 | INFO | Rank 0 | Global Steps: 113/9780 | Train Epoch: 1 [57856/250368 (23%)] | Loss: 1.396935 | Image2Text Acc: 64.45 | Text2Image Acc: 64.45 | Data Time: 0.043s | Batch Time: 1.205s | LR: 0.000050 | logit_scale: 4.605 | Global Batch Size: 512
2024-05-26,23:21:06 | INFO | Rank 0 | Global Steps: 114/9780 | Train Epoch: 1 [58368/250368 (23%)] | Loss: 1.362933 | Image2Text Acc: 63.67 | Text2Image Acc: 64.45 | Data Time: 0.038s | Batch Time: 1.202s | LR: 0.000050 | logit_scale: 4.605 | Global Batch Size: 512
2024-05-26,23:21:07 | INFO | Rank 0 | Global Steps: 115/9780 | Train Epoch: 1 [58880/250368 (24%)] | Loss: 1.377723 | Image2Text Acc: 65.04 | Text2Image Acc: 64.06 | Data Time: 0.039s | Batch Time: 1.204s | LR: 0.000050 | logit_scale: 4.605 | Global Batch Size: 512
2024-05-26,23:21:08 | INFO | Rank 0 | Global Steps: 116/9780 | Train Epoch: 1 [59392/250368 (24%)] | Loss: 1.370823 | Image2Text Acc: 66.21 | Text2Image Acc: 65.04 | Data Time: 0.042s | Batch Time: 1.204s | LR: 0.000050 | logit_scale: 4.605 | Global Batch Size: 512
2024-05-26,23:21:10 | INFO | Rank 0 | Global Steps: 117/9780 | Train Epoch: 1 [59904/250368 (24%)] | Loss: 1.295957 | Image2Text Acc: 65.23 | Text2Image Acc: 63.87 | Data Time: 0.043s | Batch Time: 1.205s | LR: 0.000050 | logit_scale: 4.605 | Global Batch Size: 512
2024-05-26,23:21:11 | INFO | Rank 0 | Global Steps: 118/9780 | Train Epoch: 1 [60416/250368 (24%)] | Loss: 1.386840 | Image2Text Acc: 63.87 | Text2Image Acc: 64.45 | Data Time: 0.043s | Batch Time: 1.199s | LR: 0.000050 | logit_scale: 4.605 | Global Batch Size: 512
2024-05-26,23:21:12 | INFO | Rank 0 | Global Steps: 119/9780 | Train Epoch: 1 [60928/250368 (24%)] | Loss: 1.298107 | Image2Text Acc: 67.19 | Text2Image Acc: 67.38 | Data Time: 0.044s | Batch Time: 1.205s | LR: 0.000050 | logit_scale: 4.605 | Global Batch Size: 512
2024-05-26,23:21:13 | INFO | Rank 0 | Global Steps: 120/9780 | Train Epoch: 1 [61440/250368 (25%)] | Loss: 1.356016 | Image2Text Acc: 67.58 | Text2Image Acc: 63.67 | Data Time: 0.044s | Batch Time: 1.203s | LR: 0.000050 | logit_scale: 4.605 | Global Batch Size: 512
2024-05-26,23:21:14 | INFO | Rank 0 | Global Steps: 121/9780 | Train Epoch: 1 [61952/250368 (25%)] | Loss: 1.249449 | Image2Text Acc: 65.43 | Text2Image Acc: 64.65 | Data Time: 0.044s | Batch Time: 1.201s | LR: 0.000050 | logit_scale: 4.605 | Global Batch Size: 512
2024-05-26,23:21:16 | INFO | Rank 0 | Global Steps: 122/9780 | Train Epoch: 1 [62464/250368 (25%)] | Loss: 1.263360 | Image2Text Acc: 63.09 | Text2Image Acc: 66.21 | Data Time: 0.041s | Batch Time: 1.201s | LR: 0.000050 | logit_scale: 4.605 | Global Batch Size: 512
2024-05-26,23:21:17 | INFO | Rank 0 | Global Steps: 123/9780 | Train Epoch: 1 [62976/250368 (25%)] | Loss: 1.165623 | Image2Text Acc: 70.12 | Text2Image Acc: 72.07 | Data Time: 0.038s | Batch Time: 1.199s | LR: 0.000050 | logit_scale: 4.605 | Global Batch Size: 512
2024-05-26,23:21:18 | INFO | Rank 0 | Global Steps: 124/9780 | Train Epoch: 1 [63488/250368 (25%)] | Loss: 1.286644 | Image2Text Acc: 64.06 | Text2Image Acc: 66.02 | Data Time: 0.039s | Batch Time: 1.202s | LR: 0.000050 | logit_scale: 4.605 | Global Batch Size: 512
2024-05-26,23:21:19 | INFO | Rank 0 | Global Steps: 125/9780 | Train Epoch: 1 [64000/250368 (26%)] | Loss: 1.273715 | Image2Text Acc: 66.60 | Text2Image Acc: 66.21 | Data Time: 0.041s | Batch Time: 1.203s | LR: 0.000050 | logit_scale: 4.605 | Global Batch Size: 512
2024-05-26,23:21:20 | INFO | Rank 0 | Global Steps: 126/9780 | Train Epoch: 1 [64512/250368 (26%)] | Loss: 1.217038 | Image2Text Acc: 67.77 | Text2Image Acc: 67.38 | Data Time: 0.040s | Batch Time: 1.202s | LR: 0.000050 | logit_scale: 4.605 | Global Batch Size: 512
2024-05-26,23:21:22 | INFO | Rank 0 | Global Steps: 127/9780 | Train Epoch: 1 [65024/250368 (26%)] | Loss: 1.323515 | Image2Text Acc: 66.02 | Text2Image Acc: 68.36 | Data Time: 0.043s | Batch Time: 1.201s | LR: 0.000050 | logit_scale: 4.605 | Global Batch Size: 512
2024-05-26,23:21:23 | INFO | Rank 0 | Global Steps: 128/9780 | Train Epoch: 1 [65536/250368 (26%)] | Loss: 1.267614 | Image2Text Acc: 66.60 | Text2Image Acc: 64.84 | Data Time: 0.042s | Batch Time: 1.198s | LR: 0.000050 | logit_scale: 4.605 | Global Batch Size: 512
2024-05-26,23:21:24 | INFO | Rank 0 | Global Steps: 129/9780 | Train Epoch: 1 [66048/250368 (26%)] | Loss: 1.291569 | Image2Text Acc: 63.87 | Text2Image Acc: 66.60 | Data Time: 0.042s | Batch Time: 1.201s | LR: 0.000050 | logit_scale: 4.605 | Global Batch Size: 512
2024-05-26,23:21:25 | INFO | Rank 0 | Global Steps: 130/9780 | Train Epoch: 1 [66560/250368 (27%)] | Loss: 1.246128 | Image2Text Acc: 67.38 | Text2Image Acc: 67.58 | Data Time: 0.042s | Batch Time: 1.203s | LR: 0.000050 | logit_scale: 4.605 | Global Batch Size: 512
2024-05-26,23:21:26 | INFO | Rank 0 | Global Steps: 131/9780 | Train Epoch: 1 [67072/250368 (27%)] | Loss: 1.258071 | Image2Text Acc: 67.58 | Text2Image Acc: 67.38 | Data Time: 0.040s | Batch Time: 1.203s | LR: 0.000050 | logit_scale: 4.605 | Global Batch Size: 512
2024-05-26,23:21:28 | INFO | Rank 0 | Global Steps: 132/9780 | Train Epoch: 1 [67584/250368 (27%)] | Loss: 1.341280 | Image2Text Acc: 66.21 | Text2Image Acc: 65.43 | Data Time: 0.038s | Batch Time: 1.202s | LR: 0.000050 | logit_scale: 4.604 | Global Batch Size: 512
2024-05-26,23:21:29 | INFO | Rank 0 | Global Steps: 133/9780 | Train Epoch: 1 [68096/250368 (27%)] | Loss: 1.333977 | Image2Text Acc: 64.84 | Text2Image Acc: 67.58 | Data Time: 0.039s | Batch Time: 1.203s | LR: 0.000050 | logit_scale: 4.604 | Global Batch Size: 512
2024-05-26,23:21:30 | INFO | Rank 0 | Global Steps: 134/9780 | Train Epoch: 1 [68608/250368 (27%)] | Loss: 1.327356 | Image2Text Acc: 64.26 | Text2Image Acc: 64.06 | Data Time: 0.039s | Batch Time: 1.202s | LR: 0.000050 | logit_scale: 4.604 | Global Batch Size: 512
2024-05-26,23:21:31 | INFO | Rank 0 | Global Steps: 135/9780 | Train Epoch: 1 [69120/250368 (28%)] | Loss: 1.220906 | Image2Text Acc: 66.41 | Text2Image Acc: 66.02 | Data Time: 0.039s | Batch Time: 1.206s | LR: 0.000050 | logit_scale: 4.604 | Global Batch Size: 512
2024-05-26,23:21:32 | INFO | Rank 0 | Global Steps: 136/9780 | Train Epoch: 1 [69632/250368 (28%)] | Loss: 1.110593 | Image2Text Acc: 69.53 | Text2Image Acc: 70.70 | Data Time: 0.054s | Batch Time: 1.207s | LR: 0.000050 | logit_scale: 4.604 | Global Batch Size: 512
2024-05-26,23:21:34 | INFO | Rank 0 | Global Steps: 137/9780 | Train Epoch: 1 [70144/250368 (28%)] | Loss: 1.317873 | Image2Text Acc: 64.06 | Text2Image Acc: 63.28 | Data Time: 0.051s | Batch Time: 1.207s | LR: 0.000050 | logit_scale: 4.604 | Global Batch Size: 512
2024-05-26,23:21:35 | INFO | Rank 0 | Global Steps: 138/9780 | Train Epoch: 1 [70656/250368 (28%)] | Loss: 1.252469 | Image2Text Acc: 65.43 | Text2Image Acc: 67.38 | Data Time: 0.035s | Batch Time: 1.195s | LR: 0.000050 | logit_scale: 4.604 | Global Batch Size: 512
2024-05-26,23:21:36 | INFO | Rank 0 | Global Steps: 139/9780 | Train Epoch: 1 [71168/250368 (28%)] | Loss: 1.255098 | Image2Text Acc: 66.02 | Text2Image Acc: 64.65 | Data Time: 0.036s | Batch Time: 1.211s | LR: 0.000050 | logit_scale: 4.604 | Global Batch Size: 512
2024-05-26,23:21:37 | INFO | Rank 0 | Global Steps: 140/9780 | Train Epoch: 1 [71680/250368 (29%)] | Loss: 1.264798 | Image2Text Acc: 68.16 | Text2Image Acc: 66.99 | Data Time: 0.036s | Batch Time: 1.193s | LR: 0.000050 | logit_scale: 4.604 | Global Batch Size: 512
2024-05-26,23:21:38 | INFO | Rank 0 | Global Steps: 141/9780 | Train Epoch: 1 [72192/250368 (29%)] | Loss: 1.155357 | Image2Text Acc: 68.16 | Text2Image Acc: 71.09 | Data Time: 0.039s | Batch Time: 1.197s | LR: 0.000050 | logit_scale: 4.604 | Global Batch Size: 512
2024-05-26,23:21:40 | INFO | Rank 0 | Global Steps: 142/9780 | Train Epoch: 1 [72704/250368 (29%)] | Loss: 1.294104 | Image2Text Acc: 66.60 | Text2Image Acc: 65.23 | Data Time: 0.039s | Batch Time: 1.209s | LR: 0.000050 | logit_scale: 4.604 | Global Batch Size: 512
2024-05-26,23:21:41 | INFO | Rank 0 | Global Steps: 143/9780 | Train Epoch: 1 [73216/250368 (29%)] | Loss: 1.230552 | Image2Text Acc: 67.58 | Text2Image Acc: 66.60 | Data Time: 0.043s | Batch Time: 1.199s | LR: 0.000050 | logit_scale: 4.604 | Global Batch Size: 512
2024-05-26,23:21:42 | INFO | Rank 0 | Global Steps: 144/9780 | Train Epoch: 1 [73728/250368 (29%)] | Loss: 1.397230 | Image2Text Acc: 64.26 | Text2Image Acc: 64.65 | Data Time: 0.039s | Batch Time: 1.199s | LR: 0.000050 | logit_scale: 4.604 | Global Batch Size: 512
2024-05-26,23:21:43 | INFO | Rank 0 | Global Steps: 145/9780 | Train Epoch: 1 [74240/250368 (30%)] | Loss: 1.443879 | Image2Text Acc: 58.01 | Text2Image Acc: 63.48 | Data Time: 0.043s | Batch Time: 1.199s | LR: 0.000050 | logit_scale: 4.604 | Global Batch Size: 512
2024-05-26,23:21:44 | INFO | Rank 0 | Global Steps: 146/9780 | Train Epoch: 1 [74752/250368 (30%)] | Loss: 1.290704 | Image2Text Acc: 64.65 | Text2Image Acc: 66.21 | Data Time: 0.041s | Batch Time: 1.200s | LR: 0.000050 | logit_scale: 4.604 | Global Batch Size: 512
2024-05-26,23:21:46 | INFO | Rank 0 | Global Steps: 147/9780 | Train Epoch: 1 [75264/250368 (30%)] | Loss: 1.174375 | Image2Text Acc: 65.23 | Text2Image Acc: 66.99 | Data Time: 0.037s | Batch Time: 1.197s | LR: 0.000050 | logit_scale: 4.604 | Global Batch Size: 512
2024-05-26,23:21:47 | INFO | Rank 0 | Global Steps: 148/9780 | Train Epoch: 1 [75776/250368 (30%)] | Loss: 1.292153 | Image2Text Acc: 66.41 | Text2Image Acc: 65.43 | Data Time: 0.042s | Batch Time: 1.208s | LR: 0.000050 | logit_scale: 4.604 | Global Batch Size: 512
2024-05-26,23:21:48 | INFO | Rank 0 | Global Steps: 149/9780 | Train Epoch: 1 [76288/250368 (30%)] | Loss: 1.189857 | Image2Text Acc: 66.99 | Text2Image Acc: 66.99 | Data Time: 0.043s | Batch Time: 1.213s | LR: 0.000050 | logit_scale: 4.604 | Global Batch Size: 512
2024-05-26,23:21:49 | INFO | Rank 3 | Begin to eval on validation set (epoch 1 @ 150 steps)...
2024-05-26,23:21:49 | INFO | Rank 1 | Begin to eval on validation set (epoch 1 @ 150 steps)...
2024-05-26,23:21:49 | INFO | Rank 2 | Begin to eval on validation set (epoch 1 @ 150 steps)...
2024-05-26,23:21:49 | INFO | Rank 0 | Global Steps: 150/9780 | Train Epoch: 1 [76800/250368 (31%)] | Loss: 1.475991 | Image2Text Acc: 64.06 | Text2Image Acc: 63.48 | Data Time: 0.043s | Batch Time: 1.210s | LR: 0.000050 | logit_scale: 4.604 | Global Batch Size: 512
2024-05-26,23:21:49 | INFO | Rank 0 | Begin to eval on validation set (epoch 1 @ 150 steps)...
2024-05-26,23:23:17 | INFO | Rank 1 | Validation Result (epoch 1 @ 150 steps) | Valid Loss: 0.463253 | Image2Text Acc: 85.87 | Text2Image Acc: 85.53 | logit_scale: 4.604 | Valid Batch Size: 128
2024-05-26,23:23:17 | INFO | Rank 3 | Validation Result (epoch 1 @ 150 steps) | Valid Loss: 0.463253 | Image2Text Acc: 85.87 | Text2Image Acc: 85.53 | logit_scale: 4.604 | Valid Batch Size: 128
2024-05-26,23:23:17 | INFO | Rank 2 | Validation Result (epoch 1 @ 150 steps) | Valid Loss: 0.463253 | Image2Text Acc: 85.87 | Text2Image Acc: 85.53 | logit_scale: 4.604 | Valid Batch Size: 128
2024-05-26,23:23:17 | INFO | Rank 0 | Validation Result (epoch 1 @ 150 steps) | Valid Loss: 0.463253 | Image2Text Acc: 85.87 | Text2Image Acc: 85.53 | logit_scale: 4.604 | Valid Batch Size: 128
2024-05-26,23:23:19 | INFO | Rank 0 | Global Steps: 151/9780 | Train Epoch: 1 [77312/250368 (31%)] | Loss: 1.338268 | Image2Text Acc: 66.60 | Text2Image Acc: 66.80 | Data Time: 87.504s | Batch Time: 90.133s | LR: 0.000050 | logit_scale: 4.604 | Global Batch Size: 512
2024-05-26,23:23:21 | INFO | Rank 0 | Global Steps: 152/9780 | Train Epoch: 1 [77824/250368 (31%)] | Loss: 1.204268 | Image2Text Acc: 69.14 | Text2Image Acc: 68.36 | Data Time: 0.042s | Batch Time: 1.201s | LR: 0.000050 | logit_scale: 4.604 | Global Batch Size: 512
2024-05-26,23:23:22 | INFO | Rank 0 | Global Steps: 153/9780 | Train Epoch: 1 [78336/250368 (31%)] | Loss: 1.423684 | Image2Text Acc: 62.89 | Text2Image Acc: 62.11 | Data Time: 0.040s | Batch Time: 1.199s | LR: 0.000050 | logit_scale: 4.604 | Global Batch Size: 512
2024-05-26,23:23:23 | INFO | Rank 0 | Global Steps: 154/9780 | Train Epoch: 1 [78848/250368 (31%)] | Loss: 1.309586 | Image2Text Acc: 64.84 | Text2Image Acc: 67.38 | Data Time: 0.041s | Batch Time: 1.201s | LR: 0.000050 | logit_scale: 4.604 | Global Batch Size: 512
2024-05-26,23:23:24 | INFO | Rank 0 | Global Steps: 155/9780 | Train Epoch: 1 [79360/250368 (32%)] | Loss: 1.175046 | Image2Text Acc: 69.92 | Text2Image Acc: 65.82 | Data Time: 0.042s | Batch Time: 1.198s | LR: 0.000050 | logit_scale: 4.604 | Global Batch Size: 512
2024-05-26,23:23:25 | INFO | Rank 0 | Global Steps: 156/9780 | Train Epoch: 1 [79872/250368 (32%)] | Loss: 1.217337 | Image2Text Acc: 65.04 | Text2Image Acc: 68.95 | Data Time: 0.040s | Batch Time: 1.197s | LR: 0.000050 | logit_scale: 4.604 | Global Batch Size: 512
2024-05-26,23:23:27 | INFO | Rank 0 | Global Steps: 157/9780 | Train Epoch: 1 [80384/250368 (32%)] | Loss: 1.290223 | Image2Text Acc: 65.82 | Text2Image Acc: 64.84 | Data Time: 0.044s | Batch Time: 1.200s | LR: 0.000050 | logit_scale: 4.604 | Global Batch Size: 512
2024-05-26,23:23:28 | INFO | Rank 0 | Global Steps: 158/9780 | Train Epoch: 1 [80896/250368 (32%)] | Loss: 1.315364 | Image2Text Acc: 64.45 | Text2Image Acc: 63.87 | Data Time: 0.053s | Batch Time: 1.204s | LR: 0.000050 | logit_scale: 4.604 | Global Batch Size: 512
2024-05-26,23:23:29 | INFO | Rank 0 | Global Steps: 159/9780 | Train Epoch: 1 [81408/250368 (33%)] | Loss: 1.192470 | Image2Text Acc: 66.02 | Text2Image Acc: 68.55 | Data Time: 0.044s | Batch Time: 1.203s | LR: 0.000050 | logit_scale: 4.604 | Global Batch Size: 512
2024-05-26,23:23:30 | INFO | Rank 0 | Global Steps: 160/9780 | Train Epoch: 1 [81920/250368 (33%)] | Loss: 1.425600 | Image2Text Acc: 65.62 | Text2Image Acc: 63.28 | Data Time: 0.044s | Batch Time: 1.201s | LR: 0.000050 | logit_scale: 4.604 | Global Batch Size: 512
2024-05-26,23:23:31 | INFO | Rank 0 | Global Steps: 161/9780 | Train Epoch: 1 [82432/250368 (33%)] | Loss: 1.289851 | Image2Text Acc: 66.41 | Text2Image Acc: 65.62 | Data Time: 0.041s | Batch Time: 1.201s | LR: 0.000050 | logit_scale: 4.604 | Global Batch Size: 512
2024-05-26,23:23:33 | INFO | Rank 0 | Global Steps: 162/9780 | Train Epoch: 1 [82944/250368 (33%)] | Loss: 1.271598 | Image2Text Acc: 67.19 | Text2Image Acc: 66.60 | Data Time: 0.041s | Batch Time: 1.199s | LR: 0.000050 | logit_scale: 4.604 | Global Batch Size: 512
2024-05-26,23:23:34 | INFO | Rank 0 | Global Steps: 163/9780 | Train Epoch: 1 [83456/250368 (33%)] | Loss: 1.238015 | Image2Text Acc: 66.21 | Text2Image Acc: 66.21 | Data Time: 0.044s | Batch Time: 1.200s | LR: 0.000050 | logit_scale: 4.604 | Global Batch Size: 512
2024-05-26,23:23:35 | INFO | Rank 0 | Global Steps: 164/9780 | Train Epoch: 1 [83968/250368 (34%)] | Loss: 1.382970 | Image2Text Acc: 60.74 | Text2Image Acc: 59.57 | Data Time: 0.042s | Batch Time: 1.198s | LR: 0.000050 | logit_scale: 4.604 | Global Batch Size: 512
2024-05-26,23:23:36 | INFO | Rank 0 | Global Steps: 165/9780 | Train Epoch: 1 [84480/250368 (34%)] | Loss: 1.216815 | Image2Text Acc: 65.82 | Text2Image Acc: 65.23 | Data Time: 0.039s | Batch Time: 1.199s | LR: 0.000050 | logit_scale: 4.604 | Global Batch Size: 512
2024-05-26,23:23:37 | INFO | Rank 0 | Global Steps: 166/9780 | Train Epoch: 1 [84992/250368 (34%)] | Loss: 1.175695 | Image2Text Acc: 69.73 | Text2Image Acc: 67.19 | Data Time: 0.039s | Batch Time: 1.203s | LR: 0.000050 | logit_scale: 4.604 | Global Batch Size: 512
2024-05-26,23:23:39 | INFO | Rank 0 | Global Steps: 167/9780 | Train Epoch: 1 [85504/250368 (34%)] | Loss: 1.194104 | Image2Text Acc: 66.80 | Text2Image Acc: 66.02 | Data Time: 0.057s | Batch Time: 1.226s | LR: 0.000050 | logit_scale: 4.604 | Global Batch Size: 512
2024-05-26,23:23:40 | INFO | Rank 0 | Global Steps: 168/9780 | Train Epoch: 1 [86016/250368 (34%)] | Loss: 1.206474 | Image2Text Acc: 68.95 | Text2Image Acc: 67.19 | Data Time: 0.045s | Batch Time: 1.205s | LR: 0.000050 | logit_scale: 4.604 | Global Batch Size: 512
2024-05-26,23:23:41 | INFO | Rank 0 | Global Steps: 169/9780 | Train Epoch: 1 [86528/250368 (35%)] | Loss: 1.203399 | Image2Text Acc: 63.87 | Text2Image Acc: 65.43 | Data Time: 0.043s | Batch Time: 1.205s | LR: 0.000050 | logit_scale: 4.604 | Global Batch Size: 512
2024-05-26,23:23:42 | INFO | Rank 0 | Global Steps: 170/9780 | Train Epoch: 1 [87040/250368 (35%)] | Loss: 1.351388 | Image2Text Acc: 65.43 | Text2Image Acc: 66.02 | Data Time: 0.046s | Batch Time: 1.202s | LR: 0.000050 | logit_scale: 4.604 | Global Batch Size: 512
2024-05-26,23:23:43 | INFO | Rank 0 | Global Steps: 171/9780 | Train Epoch: 1 [87552/250368 (35%)] | Loss: 1.298647 | Image2Text Acc: 69.14 | Text2Image Acc: 67.58 | Data Time: 0.046s | Batch Time: 1.203s | LR: 0.000050 | logit_scale: 4.604 | Global Batch Size: 512
2024-05-26,23:23:45 | INFO | Rank 0 | Global Steps: 172/9780 | Train Epoch: 1 [88064/250368 (35%)] | Loss: 1.245027 | Image2Text Acc: 66.02 | Text2Image Acc: 68.75 | Data Time: 0.045s | Batch Time: 1.197s | LR: 0.000050 | logit_scale: 4.604 | Global Batch Size: 512
2024-05-26,23:23:46 | INFO | Rank 0 | Global Steps: 173/9780 | Train Epoch: 1 [88576/250368 (35%)] | Loss: 1.423701 | Image2Text Acc: 64.65 | Text2Image Acc: 62.11 | Data Time: 0.043s | Batch Time: 1.200s | LR: 0.000050 | logit_scale: 4.604 | Global Batch Size: 512
2024-05-26,23:23:47 | INFO | Rank 0 | Global Steps: 174/9780 | Train Epoch: 1 [89088/250368 (36%)] | Loss: 1.310055 | Image2Text Acc: 65.23 | Text2Image Acc: 64.45 | Data Time: 0.043s | Batch Time: 1.196s | LR: 0.000050 | logit_scale: 4.604 | Global Batch Size: 512
2024-05-26,23:23:48 | INFO | Rank 0 | Global Steps: 175/9780 | Train Epoch: 1 [89600/250368 (36%)] | Loss: 1.263818 | Image2Text Acc: 65.23 | Text2Image Acc: 66.80 | Data Time: 0.045s | Batch Time: 1.199s | LR: 0.000050 | logit_scale: 4.604 | Global Batch Size: 512
2024-05-26,23:23:49 | INFO | Rank 0 | Global Steps: 176/9780 | Train Epoch: 1 [90112/250368 (36%)] | Loss: 1.232351 | Image2Text Acc: 64.84 | Text2Image Acc: 65.04 | Data Time: 0.045s | Batch Time: 1.214s | LR: 0.000050 | logit_scale: 4.604 | Global Batch Size: 512
2024-05-26,23:23:51 | INFO | Rank 0 | Global Steps: 177/9780 | Train Epoch: 1 [90624/250368 (36%)] | Loss: 1.297603 | Image2Text Acc: 66.41 | Text2Image Acc: 66.80 | Data Time: 0.060s | Batch Time: 1.215s | LR: 0.000050 | logit_scale: 4.604 | Global Batch Size: 512
2024-05-26,23:23:52 | INFO | Rank 0 | Global Steps: 178/9780 | Train Epoch: 1 [91136/250368 (36%)] | Loss: 1.254624 | Image2Text Acc: 66.60 | Text2Image Acc: 68.16 | Data Time: 0.047s | Batch Time: 1.199s | LR: 0.000050 | logit_scale: 4.604 | Global Batch Size: 512
2024-05-26,23:23:53 | INFO | Rank 0 | Global Steps: 179/9780 | Train Epoch: 1 [91648/250368 (37%)] | Loss: 1.273599 | Image2Text Acc: 64.06 | Text2Image Acc: 66.21 | Data Time: 0.046s | Batch Time: 1.202s | LR: 0.000050 | logit_scale: 4.604 | Global Batch Size: 512
2024-05-26,23:23:54 | INFO | Rank 0 | Global Steps: 180/9780 | Train Epoch: 1 [92160/250368 (37%)] | Loss: 1.336405 | Image2Text Acc: 66.21 | Text2Image Acc: 63.28 | Data Time: 0.046s | Batch Time: 1.200s | LR: 0.000050 | logit_scale: 4.604 | Global Batch Size: 512
2024-05-26,23:23:55 | INFO | Rank 0 | Global Steps: 181/9780 | Train Epoch: 1 [92672/250368 (37%)] | Loss: 1.196409 | Image2Text Acc: 67.38 | Text2Image Acc: 69.14 | Data Time: 0.046s | Batch Time: 1.200s | LR: 0.000050 | logit_scale: 4.604 | Global Batch Size: 512
2024-05-26,23:23:57 | INFO | Rank 0 | Global Steps: 182/9780 | Train Epoch: 1 [93184/250368 (37%)] | Loss: 1.419706 | Image2Text Acc: 62.30 | Text2Image Acc: 62.50 | Data Time: 0.043s | Batch Time: 1.196s | LR: 0.000050 | logit_scale: 4.604 | Global Batch Size: 512
2024-05-26,23:23:58 | INFO | Rank 0 | Global Steps: 183/9780 | Train Epoch: 1 [93696/250368 (37%)] | Loss: 1.203524 | Image2Text Acc: 68.16 | Text2Image Acc: 66.60 | Data Time: 0.045s | Batch Time: 1.197s | LR: 0.000050 | logit_scale: 4.604 | Global Batch Size: 512
2024-05-26,23:23:59 | INFO | Rank 0 | Global Steps: 184/9780 | Train Epoch: 1 [94208/250368 (38%)] | Loss: 1.187467 | Image2Text Acc: 67.19 | Text2Image Acc: 67.19 | Data Time: 0.045s | Batch Time: 1.199s | LR: 0.000050 | logit_scale: 4.604 | Global Batch Size: 512
2024-05-26,23:24:00 | INFO | Rank 0 | Global Steps: 185/9780 | Train Epoch: 1 [94720/250368 (38%)] | Loss: 1.330570 | Image2Text Acc: 65.23 | Text2Image Acc: 67.58 | Data Time: 0.045s | Batch Time: 1.204s | LR: 0.000050 | logit_scale: 4.604 | Global Batch Size: 512
2024-05-26,23:24:01 | INFO | Rank 0 | Global Steps: 186/9780 | Train Epoch: 1 [95232/250368 (38%)] | Loss: 1.224239 | Image2Text Acc: 66.02 | Text2Image Acc: 67.19 | Data Time: 0.045s | Batch Time: 1.200s | LR: 0.000050 | logit_scale: 4.604 | Global Batch Size: 512
2024-05-26,23:24:03 | INFO | Rank 0 | Global Steps: 187/9780 | Train Epoch: 1 [95744/250368 (38%)] | Loss: 1.258939 | Image2Text Acc: 67.97 | Text2Image Acc: 65.43 | Data Time: 0.045s | Batch Time: 1.198s | LR: 0.000050 | logit_scale: 4.604 | Global Batch Size: 512
2024-05-26,23:24:04 | INFO | Rank 0 | Global Steps: 188/9780 | Train Epoch: 1 [96256/250368 (38%)] | Loss: 1.305023 | Image2Text Acc: 66.60 | Text2Image Acc: 66.41 | Data Time: 0.044s | Batch Time: 1.202s | LR: 0.000050 | logit_scale: 4.604 | Global Batch Size: 512
2024-05-26,23:24:05 | INFO | Rank 0 | Global Steps: 189/9780 | Train Epoch: 1 [96768/250368 (39%)] | Loss: 1.351155 | Image2Text Acc: 63.48 | Text2Image Acc: 63.87 | Data Time: 0.045s | Batch Time: 1.212s | LR: 0.000050 | logit_scale: 4.604 | Global Batch Size: 512
2024-05-26,23:24:06 | INFO | Rank 0 | Global Steps: 190/9780 | Train Epoch: 1 [97280/250368 (39%)] | Loss: 1.279928 | Image2Text Acc: 66.02 | Text2Image Acc: 66.80 | Data Time: 0.041s | Batch Time: 1.194s | LR: 0.000050 | logit_scale: 4.604 | Global Batch Size: 512
2024-05-26,23:24:07 | INFO | Rank 0 | Global Steps: 191/9780 | Train Epoch: 1 [97792/250368 (39%)] | Loss: 1.205915 | Image2Text Acc: 68.55 | Text2Image Acc: 67.38 | Data Time: 0.044s | Batch Time: 1.203s | LR: 0.000050 | logit_scale: 4.604 | Global Batch Size: 512
2024-05-26,23:24:09 | INFO | Rank 0 | Global Steps: 192/9780 | Train Epoch: 1 [98304/250368 (39%)] | Loss: 1.178365 | Image2Text Acc: 68.16 | Text2Image Acc: 67.97 | Data Time: 0.045s | Batch Time: 1.204s | LR: 0.000050 | logit_scale: 4.604 | Global Batch Size: 512
2024-05-26,23:24:10 | INFO | Rank 0 | Global Steps: 193/9780 | Train Epoch: 1 [98816/250368 (39%)] | Loss: 1.346701 | Image2Text Acc: 65.62 | Text2Image Acc: 65.04 | Data Time: 0.056s | Batch Time: 1.211s | LR: 0.000050 | logit_scale: 4.604 | Global Batch Size: 512
2024-05-26,23:24:11 | INFO | Rank 0 | Global Steps: 194/9780 | Train Epoch: 1 [99328/250368 (40%)] | Loss: 1.357267 | Image2Text Acc: 66.80 | Text2Image Acc: 65.04 | Data Time: 0.056s | Batch Time: 1.212s | LR: 0.000050 | logit_scale: 4.604 | Global Batch Size: 512
2024-05-26,23:24:12 | INFO | Rank 0 | Global Steps: 195/9780 | Train Epoch: 1 [99840/250368 (40%)] | Loss: 1.273382 | Image2Text Acc: 64.26 | Text2Image Acc: 67.19 | Data Time: 0.057s | Batch Time: 1.212s | LR: 0.000050 | logit_scale: 4.604 | Global Batch Size: 512
2024-05-26,23:24:13 | INFO | Rank 0 | Global Steps: 196/9780 | Train Epoch: 1 [100352/250368 (40%)] | Loss: 1.221641 | Image2Text Acc: 65.23 | Text2Image Acc: 68.95 | Data Time: 0.056s | Batch Time: 1.212s | LR: 0.000050 | logit_scale: 4.604 | Global Batch Size: 512
2024-05-26,23:24:15 | INFO | Rank 0 | Global Steps: 197/9780 | Train Epoch: 1 [100864/250368 (40%)] | Loss: 1.162987 | Image2Text Acc: 67.58 | Text2Image Acc: 68.16 | Data Time: 0.044s | Batch Time: 1.205s | LR: 0.000050 | logit_scale: 4.604 | Global Batch Size: 512
2024-05-26,23:24:16 | INFO | Rank 0 | Global Steps: 198/9780 | Train Epoch: 1 [101376/250368 (40%)] | Loss: 1.283078 | Image2Text Acc: 66.80 | Text2Image Acc: 64.84 | Data Time: 0.042s | Batch Time: 1.201s | LR: 0.000050 | logit_scale: 4.604 | Global Batch Size: 512
2024-05-26,23:24:17 | INFO | Rank 0 | Global Steps: 199/9780 | Train Epoch: 1 [101888/250368 (41%)] | Loss: 1.158649 | Image2Text Acc: 67.97 | Text2Image Acc: 68.36 | Data Time: 0.043s | Batch Time: 1.201s | LR: 0.000050 | logit_scale: 4.604 | Global Batch Size: 512
2024-05-26,23:24:18 | INFO | Rank 0 | Global Steps: 200/9780 | Train Epoch: 1 [102400/250368 (41%)] | Loss: 1.177161 | Image2Text Acc: 68.95 | Text2Image Acc: 67.97 | Data Time: 0.044s | Batch Time: 1.203s | LR: 0.000050 | logit_scale: 4.604 | Global Batch Size: 512
2024-05-26,23:24:19 | INFO | Rank 0 | Global Steps: 201/9780 | Train Epoch: 1 [102912/250368 (41%)] | Loss: 1.155419 | Image2Text Acc: 68.36 | Text2Image Acc: 66.80 | Data Time: 0.043s | Batch Time: 1.202s | LR: 0.000050 | logit_scale: 4.604 | Global Batch Size: 512
2024-05-26,23:24:21 | INFO | Rank 0 | Global Steps: 202/9780 | Train Epoch: 1 [103424/250368 (41%)] | Loss: 1.256756 | Image2Text Acc: 68.55 | Text2Image Acc: 67.77 | Data Time: 0.044s | Batch Time: 1.203s | LR: 0.000050 | logit_scale: 4.604 | Global Batch Size: 512
2024-05-26,23:24:22 | INFO | Rank 0 | Global Steps: 203/9780 | Train Epoch: 1 [103936/250368 (42%)] | Loss: 1.248942 | Image2Text Acc: 63.67 | Text2Image Acc: 66.21 | Data Time: 0.044s | Batch Time: 1.203s | LR: 0.000050 | logit_scale: 4.604 | Global Batch Size: 512
2024-05-26,23:24:23 | INFO | Rank 0 | Global Steps: 204/9780 | Train Epoch: 1 [104448/250368 (42%)] | Loss: 1.163626 | Image2Text Acc: 68.95 | Text2Image Acc: 71.48 | Data Time: 0.041s | Batch Time: 1.202s | LR: 0.000050 | logit_scale: 4.604 | Global Batch Size: 512
2024-05-26,23:24:24 | INFO | Rank 0 | Global Steps: 205/9780 | Train Epoch: 1 [104960/250368 (42%)] | Loss: 1.298564 | Image2Text Acc: 67.19 | Text2Image Acc: 67.97 | Data Time: 0.041s | Batch Time: 1.201s | LR: 0.000050 | logit_scale: 4.604 | Global Batch Size: 512
2024-05-26,23:24:25 | INFO | Rank 0 | Global Steps: 206/9780 | Train Epoch: 1 [105472/250368 (42%)] | Loss: 1.202928 | Image2Text Acc: 68.95 | Text2Image Acc: 66.60 | Data Time: 0.043s | Batch Time: 1.208s | LR: 0.000050 | logit_scale: 4.604 | Global Batch Size: 512
2024-05-26,23:24:27 | INFO | Rank 0 | Global Steps: 207/9780 | Train Epoch: 1 [105984/250368 (42%)] | Loss: 1.291533 | Image2Text Acc: 66.80 | Text2Image Acc: 65.62 | Data Time: 0.041s | Batch Time: 1.201s | LR: 0.000050 | logit_scale: 4.604 | Global Batch Size: 512
2024-05-26,23:24:28 | INFO | Rank 0 | Global Steps: 208/9780 | Train Epoch: 1 [106496/250368 (43%)] | Loss: 1.148873 | Image2Text Acc: 67.58 | Text2Image Acc: 71.09 | Data Time: 0.041s | Batch Time: 1.202s | LR: 0.000050 | logit_scale: 4.604 | Global Batch Size: 512
2024-05-26,23:24:29 | INFO | Rank 0 | Global Steps: 209/9780 | Train Epoch: 1 [107008/250368 (43%)] | Loss: 1.332592 | Image2Text Acc: 65.04 | Text2Image Acc: 62.50 | Data Time: 0.042s | Batch Time: 1.201s | LR: 0.000050 | logit_scale: 4.604 | Global Batch Size: 512
2024-05-26,23:24:30 | INFO | Rank 0 | Global Steps: 210/9780 | Train Epoch: 1 [107520/250368 (43%)] | Loss: 1.184659 | Image2Text Acc: 67.97 | Text2Image Acc: 67.97 | Data Time: 0.038s | Batch Time: 1.213s | LR: 0.000050 | logit_scale: 4.604 | Global Batch Size: 512
2024-05-26,23:24:31 | INFO | Rank 0 | Global Steps: 211/9780 | Train Epoch: 1 [108032/250368 (43%)] | Loss: 1.383994 | Image2Text Acc: 65.62 | Text2Image Acc: 63.48 | Data Time: 0.039s | Batch Time: 1.204s | LR: 0.000050 | logit_scale: 4.604 | Global Batch Size: 512
2024-05-26,23:24:33 | INFO | Rank 0 | Global Steps: 212/9780 | Train Epoch: 1 [108544/250368 (43%)] | Loss: 1.330652 | Image2Text Acc: 64.45 | Text2Image Acc: 64.65 | Data Time: 0.044s | Batch Time: 1.207s | LR: 0.000050 | logit_scale: 4.604 | Global Batch Size: 512
2024-05-26,23:24:34 | INFO | Rank 0 | Global Steps: 213/9780 | Train Epoch: 1 [109056/250368 (44%)] | Loss: 1.291202 | Image2Text Acc: 64.84 | Text2Image Acc: 67.58 | Data Time: 0.037s | Batch Time: 1.201s | LR: 0.000050 | logit_scale: 4.604 | Global Batch Size: 512
2024-05-26,23:24:35 | INFO | Rank 0 | Global Steps: 214/9780 | Train Epoch: 1 [109568/250368 (44%)] | Loss: 1.195491 | Image2Text Acc: 65.62 | Text2Image Acc: 67.77 | Data Time: 0.039s | Batch Time: 1.204s | LR: 0.000050 | logit_scale: 4.604 | Global Batch Size: 512
2024-05-26,23:24:36 | INFO | Rank 0 | Global Steps: 215/9780 | Train Epoch: 1 [110080/250368 (44%)] | Loss: 1.304531 | Image2Text Acc: 62.89 | Text2Image Acc: 66.80 | Data Time: 0.040s | Batch Time: 1.207s | LR: 0.000050 | logit_scale: 4.604 | Global Batch Size: 512
2024-05-26,23:24:38 | INFO | Rank 0 | Global Steps: 216/9780 | Train Epoch: 1 [110592/250368 (44%)] | Loss: 1.136397 | Image2Text Acc: 68.55 | Text2Image Acc: 68.36 | Data Time: 0.039s | Batch Time: 1.206s | LR: 0.000050 | logit_scale: 4.604 | Global Batch Size: 512
2024-05-26,23:24:39 | INFO | Rank 0 | Global Steps: 217/9780 | Train Epoch: 1 [111104/250368 (44%)] | Loss: 1.199524 | Image2Text Acc: 66.99 | Text2Image Acc: 67.38 | Data Time: 0.037s | Batch Time: 1.207s | LR: 0.000050 | logit_scale: 4.604 | Global Batch Size: 512
2024-05-26,23:24:40 | INFO | Rank 0 | Global Steps: 218/9780 | Train Epoch: 1 [111616/250368 (45%)] | Loss: 1.214450 | Image2Text Acc: 67.77 | Text2Image Acc: 66.80 | Data Time: 0.040s | Batch Time: 1.203s | LR: 0.000050 | logit_scale: 4.604 | Global Batch Size: 512
2024-05-26,23:24:41 | INFO | Rank 0 | Global Steps: 219/9780 | Train Epoch: 1 [112128/250368 (45%)] | Loss: 1.212125 | Image2Text Acc: 67.38 | Text2Image Acc: 66.60 | Data Time: 0.041s | Batch Time: 1.202s | LR: 0.000050 | logit_scale: 4.604 | Global Batch Size: 512
2024-05-26,23:24:42 | INFO | Rank 0 | Global Steps: 220/9780 | Train Epoch: 1 [112640/250368 (45%)] | Loss: 1.153820 | Image2Text Acc: 66.21 | Text2Image Acc: 68.36 | Data Time: 0.040s | Batch Time: 1.205s | LR: 0.000050 | logit_scale: 4.604 | Global Batch Size: 512
2024-05-26,23:24:44 | INFO | Rank 0 | Global Steps: 221/9780 | Train Epoch: 1 [113152/250368 (45%)] | Loss: 1.205005 | Image2Text Acc: 67.97 | Text2Image Acc: 66.60 | Data Time: 0.035s | Batch Time: 1.206s | LR: 0.000050 | logit_scale: 4.604 | Global Batch Size: 512
2024-05-26,23:24:45 | INFO | Rank 0 | Global Steps: 222/9780 | Train Epoch: 1 [113664/250368 (45%)] | Loss: 1.242667 | Image2Text Acc: 69.53 | Text2Image Acc: 67.77 | Data Time: 0.038s | Batch Time: 1.207s | LR: 0.000050 | logit_scale: 4.604 | Global Batch Size: 512
2024-05-26,23:24:46 | INFO | Rank 0 | Global Steps: 223/9780 | Train Epoch: 1 [114176/250368 (46%)] | Loss: 1.194983 | Image2Text Acc: 64.65 | Text2Image Acc: 70.31 | Data Time: 0.039s | Batch Time: 1.207s | LR: 0.000050 | logit_scale: 4.604 | Global Batch Size: 512
2024-05-26,23:24:47 | INFO | Rank 0 | Global Steps: 224/9780 | Train Epoch: 1 [114688/250368 (46%)] | Loss: 1.102399 | Image2Text Acc: 70.31 | Text2Image Acc: 71.09 | Data Time: 0.039s | Batch Time: 1.205s | LR: 0.000050 | logit_scale: 4.604 | Global Batch Size: 512
2024-05-26,23:24:48 | INFO | Rank 0 | Global Steps: 225/9780 | Train Epoch: 1 [115200/250368 (46%)] | Loss: 1.088955 | Image2Text Acc: 72.07 | Text2Image Acc: 71.29 | Data Time: 0.039s | Batch Time: 1.203s | LR: 0.000050 | logit_scale: 4.604 | Global Batch Size: 512
2024-05-26,23:24:50 | INFO | Rank 0 | Global Steps: 226/9780 | Train Epoch: 1 [115712/250368 (46%)] | Loss: 1.229250 | Image2Text Acc: 66.80 | Text2Image Acc: 66.80 | Data Time: 0.037s | Batch Time: 1.203s | LR: 0.000050 | logit_scale: 4.604 | Global Batch Size: 512
2024-05-26,23:24:51 | INFO | Rank 0 | Global Steps: 227/9780 | Train Epoch: 1 [116224/250368 (46%)] | Loss: 1.290214 | Image2Text Acc: 63.28 | Text2Image Acc: 65.23 | Data Time: 0.041s | Batch Time: 1.215s | LR: 0.000050 | logit_scale: 4.604 | Global Batch Size: 512
2024-05-26,23:24:52 | INFO | Rank 0 | Global Steps: 228/9780 | Train Epoch: 1 [116736/250368 (47%)] | Loss: 1.321830 | Image2Text Acc: 64.45 | Text2Image Acc: 64.65 | Data Time: 0.038s | Batch Time: 1.208s | LR: 0.000050 | logit_scale: 4.604 | Global Batch Size: 512
2024-05-26,23:24:53 | INFO | Rank 0 | Global Steps: 229/9780 | Train Epoch: 1 [117248/250368 (47%)] | Loss: 1.232200 | Image2Text Acc: 68.36 | Text2Image Acc: 66.21 | Data Time: 0.038s | Batch Time: 1.213s | LR: 0.000050 | logit_scale: 4.604 | Global Batch Size: 512
2024-05-26,23:24:54 | INFO | Rank 0 | Global Steps: 230/9780 | Train Epoch: 1 [117760/250368 (47%)] | Loss: 1.203630 | Image2Text Acc: 66.02 | Text2Image Acc: 67.97 | Data Time: 0.037s | Batch Time: 1.217s | LR: 0.000050 | logit_scale: 4.604 | Global Batch Size: 512
2024-05-26,23:24:56 | INFO | Rank 0 | Global Steps: 231/9780 | Train Epoch: 1 [118272/250368 (47%)] | Loss: 1.169097 | Image2Text Acc: 67.19 | Text2Image Acc: 66.41 | Data Time: 0.035s | Batch Time: 1.205s | LR: 0.000050 | logit_scale: 4.604 | Global Batch Size: 512
2024-05-26,23:24:57 | INFO | Rank 0 | Global Steps: 232/9780 | Train Epoch: 1 [118784/250368 (47%)] | Loss: 1.217622 | Image2Text Acc: 69.34 | Text2Image Acc: 66.60 | Data Time: 0.037s | Batch Time: 1.210s | LR: 0.000050 | logit_scale: 4.604 | Global Batch Size: 512
2024-05-26,23:24:58 | INFO | Rank 0 | Global Steps: 233/9780 | Train Epoch: 1 [119296/250368 (48%)] | Loss: 1.311182 | Image2Text Acc: 64.65 | Text2Image Acc: 65.43 | Data Time: 0.033s | Batch Time: 1.198s | LR: 0.000050 | logit_scale: 4.604 | Global Batch Size: 512
2024-05-26,23:24:59 | INFO | Rank 0 | Global Steps: 234/9780 | Train Epoch: 1 [119808/250368 (48%)] | Loss: 1.250276 | Image2Text Acc: 68.75 | Text2Image Acc: 67.77 | Data Time: 0.036s | Batch Time: 1.207s | LR: 0.000050 | logit_scale: 4.604 | Global Batch Size: 512
srun: forcing job termination
srun: Job step aborted: Waiting up to 2 seconds for job step to finish.
srun: Easily find out why your job was killed by following the link below:
	https://docs.phoenix.sensetime.com/FAQ/SlurmFAQ/Find-out-why-my-job-was-killed/
slurmstepd: error: *** STEP 3510636.0 ON SH-IDC1-10-140-24-96 CANCELLED AT 2024-05-26T23:24:59 ***
srun: error: Timed out waiting for job step to complete
